<?xml version="1.0" encoding="utf-8"?>
<CoverageSession xmlns:xsd="http://www.w3.org/2001/XMLSchema" xmlns:xsi="http://www.w3.org/2001/XMLSchema-instance">
  <Summary numSequencePoints="362" visitedSequencePoints="342" numBranchPoints="112" visitedBranchPoints="102" sequenceCoverage="94.48" branchCoverage="91.07" maxCyclomaticComplexity="12" minCyclomaticComplexity="1" visitedClasses="27" numClasses="33" visitedMethods="44" numMethods="50" />
  <Modules>
    <Module skippedDueTo="Filter" hash="4B-9D-10-6C-0D-7A-6E-56-6E-7A-90-98-8E-08-96-3E-57-29-D7-4C">
      <ModulePath>C:\Windows\Microsoft.Net\assembly\GAC_32\mscorlib\v4.0_4.0.0.0__b77a5c561934e089\mscorlib.dll</ModulePath>
      <ModuleTime>2019-04-11T01:45:27.74233Z</ModuleTime>
      <ModuleName>mscorlib</ModuleName>
      <Classes />
    </Module>
    <Module skippedDueTo="Filter" hash="63-6C-ED-BE-10-C9-77-BA-64-53-1B-63-08-E2-A5-60-B3-8E-86-13">
      <ModulePath>C:\Program Files (x86)\Microsoft Visual Studio\2017\Professional\Common7\IDE\CommonExtensions\Microsoft\TestWindow\vstest.console.exe</ModulePath>
      <ModuleTime>2019-01-16T11:34:28.8475423Z</ModuleTime>
      <ModuleName>vstest.console</ModuleName>
      <Classes />
    </Module>
    <Module skippedDueTo="Filter" hash="46-48-63-31-C1-21-43-52-5B-E8-E5-C7-17-7B-59-B7-48-10-B4-83">
      <ModulePath>C:\Program Files (x86)\Microsoft Visual Studio\2017\Professional\Common7\IDE\CommonExtensions\Microsoft\TestWindow\Microsoft.VisualStudio.TestPlatform.Common.dll</ModulePath>
      <ModuleTime>2019-01-16T11:34:28.8475423Z</ModuleTime>
      <ModuleName>Microsoft.VisualStudio.TestPlatform.Common</ModuleName>
      <Classes />
    </Module>
    <Module skippedDueTo="Filter" hash="EA-AB-4D-FA-97-D2-87-38-E0-4A-47-38-5B-D6-8B-DC-1C-1D-E8-90">
      <ModulePath>C:\Program Files (x86)\Microsoft Visual Studio\2017\Professional\Common7\IDE\CommonExtensions\Microsoft\TestWindow\Microsoft.VisualStudio.TestPlatform.ObjectModel.dll</ModulePath>
      <ModuleTime>2019-01-16T11:34:28.8475423Z</ModuleTime>
      <ModuleName>Microsoft.VisualStudio.TestPlatform.ObjectModel</ModuleName>
      <Classes />
    </Module>
    <Module skippedDueTo="Filter" hash="14-E0-92-A3-E6-55-AD-34-4C-1F-68-AA-11-7F-12-68-BE-ED-46-45">
      <ModulePath>C:\Windows\Microsoft.Net\assembly\GAC_MSIL\System.ComponentModel.Composition\v4.0_4.0.0.0__b77a5c561934e089\System.ComponentModel.Composition.dll</ModulePath>
      <ModuleTime>2018-04-11T23:35:18.1697369Z</ModuleTime>
      <ModuleName>System.ComponentModel.Composition</ModuleName>
      <Classes />
    </Module>
    <Module skippedDueTo="Filter" hash="D6-F7-07-23-10-28-AF-AF-FD-23-71-4A-C6-9D-69-30-97-FB-25-29">
      <ModulePath>C:\Windows\Microsoft.Net\assembly\GAC_MSIL\System.Core\v4.0_4.0.0.0__b77a5c561934e089\System.Core.dll</ModulePath>
      <ModuleTime>2019-05-18T22:09:23.3366616Z</ModuleTime>
      <ModuleName>System.Core</ModuleName>
      <Classes />
    </Module>
    <Module skippedDueTo="Filter" hash="96-49-7F-24-D1-33-03-A9-40-22-D6-46-B1-4B-71-CB-F1-01-D6-52">
      <ModulePath>C:\Program Files (x86)\Microsoft Visual Studio\2017\Professional\Common7\IDE\CommonExtensions\Microsoft\TestWindow\Microsoft.VisualStudio.TestPlatform.Utilities.dll</ModulePath>
      <ModuleTime>2019-01-16T11:34:28.8475423Z</ModuleTime>
      <ModuleName>Microsoft.VisualStudio.TestPlatform.Utilities</ModuleName>
      <Classes />
    </Module>
    <Module skippedDueTo="Filter" hash="7C-0B-F7-1F-9F-00-68-EF-DA-4A-78-8F-2B-95-7B-23-E2-4E-59-B6">
      <ModulePath>C:\Windows\Microsoft.Net\assembly\GAC_MSIL\System\v4.0_4.0.0.0__b77a5c561934e089\System.dll</ModulePath>
      <ModuleTime>2019-04-11T01:45:25.3358651Z</ModuleTime>
      <ModuleName>System</ModuleName>
      <Classes />
    </Module>
    <Module skippedDueTo="Filter" hash="2A-F4-1C-14-5D-7A-74-B3-03-8B-1D-2A-59-DC-B6-BE-1D-C8-EF-54">
      <ModulePath>C:\Windows\Microsoft.Net\assembly\GAC_MSIL\System.Configuration\v4.0_4.0.0.0__b03f5f7f11d50a3a\System.Configuration.dll</ModulePath>
      <ModuleTime>2018-04-11T23:35:16.9508953Z</ModuleTime>
      <ModuleName>System.Configuration</ModuleName>
      <Classes />
    </Module>
    <Module skippedDueTo="Filter" hash="F2-26-5B-FA-55-E9-5B-BC-DD-3A-32-56-2C-38-71-11-1A-8E-6D-32">
      <ModulePath>C:\Windows\Microsoft.Net\assembly\GAC_MSIL\System.Xml\v4.0_4.0.0.0__b77a5c561934e089\System.Xml.dll</ModulePath>
      <ModuleTime>2018-04-11T23:35:17.0290261Z</ModuleTime>
      <ModuleName>System.Xml</ModuleName>
      <Classes />
    </Module>
    <Module skippedDueTo="Filter" hash="0C-C0-5B-B0-6F-A0-11-81-31-EB-DA-AE-03-E4-B8-FB-60-21-66-96">
      <ModulePath>C:\Program Files (x86)\Microsoft Visual Studio\2017\Professional\Common7\IDE\CommonExtensions\Microsoft\TestWindow\Microsoft.VisualStudio.TestPlatform.Client.dll</ModulePath>
      <ModuleTime>2019-01-16T11:34:28.8475423Z</ModuleTime>
      <ModuleName>Microsoft.VisualStudio.TestPlatform.Client</ModuleName>
      <Classes />
    </Module>
    <Module skippedDueTo="Filter" hash="55-FC-37-B6-E6-A4-F3-DF-57-6F-57-2C-1B-C8-9A-4B-E2-A7-00-C1">
      <ModulePath>C:\Windows\Microsoft.Net\assembly\GAC_MSIL\System.ServiceModel\v4.0_4.0.0.0__b77a5c561934e089\System.ServiceModel.dll</ModulePath>
      <ModuleTime>2019-06-13T02:15:07.3916726Z</ModuleTime>
      <ModuleName>System.ServiceModel</ModuleName>
      <Classes />
    </Module>
    <Module skippedDueTo="Filter" hash="A0-6A-5E-47-7F-D5-82-0A-FB-42-66-FA-2A-CC-1B-86-84-74-A4-62">
      <ModulePath>C:\Program Files (x86)\Microsoft Visual Studio\2017\Professional\Common7\IDE\CommonExtensions\Microsoft\TestWindow\Microsoft.VisualStudio.QualityTools.ExecutionCommon.dll</ModulePath>
      <ModuleTime>2019-01-16T11:34:28.8475423Z</ModuleTime>
      <ModuleName>Microsoft.VisualStudio.QualityTools.ExecutionCommon</ModuleName>
      <Classes />
    </Module>
    <Module skippedDueTo="Filter" hash="34-2C-85-84-7E-48-1A-9A-23-25-D1-8D-95-30-2B-15-3D-95-A5-A5">
      <ModulePath>C:\Program Files (x86)\Microsoft Visual Studio\2017\Professional\Common7\IDE\CommonExtensions\Microsoft\TestWindow\Microsoft.VisualStudio.QualityTools.Common.dll</ModulePath>
      <ModuleTime>2019-01-16T11:34:28.8475423Z</ModuleTime>
      <ModuleName>Microsoft.VisualStudio.QualityTools.Common</ModuleName>
      <Classes />
    </Module>
    <Module skippedDueTo="Filter" hash="31-3C-03-6D-B1-13-F3-EA-5F-93-9F-C0-AF-39-94-B1-A7-1E-AD-84">
      <ModulePath>C:\Windows\Microsoft.Net\assembly\GAC_MSIL\System.Runtime.Serialization\v4.0_4.0.0.0__b77a5c561934e089\System.Runtime.Serialization.dll</ModulePath>
      <ModuleTime>2019-06-13T02:15:03.9228984Z</ModuleTime>
      <ModuleName>System.Runtime.Serialization</ModuleName>
      <Classes />
    </Module>
    <Module skippedDueTo="Filter" hash="D1-A6-42-1A-00-84-1A-81-FE-4D-FA-E2-B4-07-45-7B-26-4E-4C-2E">
      <ModulePath>C:\Program Files (x86)\Microsoft Visual Studio\2017\Professional\Common7\IDE\CommonExtensions\Microsoft\TestWindow\Microsoft.VisualStudio.TestPlatform.Core.dll</ModulePath>
      <ModuleTime>2019-01-16T11:34:28.8475423Z</ModuleTime>
      <ModuleName>Microsoft.VisualStudio.TestPlatform.Core</ModuleName>
      <Classes />
    </Module>
    <Module skippedDueTo="Filter" hash="1D-12-ED-43-B3-B6-22-59-5A-08-23-CD-C2-44-A7-5E-FA-6D-2C-C2">
      <ModulePath>C:\Windows\Microsoft.Net\assembly\GAC_32\System.Transactions\v4.0_4.0.0.0__b77a5c561934e089\System.Transactions.dll</ModulePath>
      <ModuleTime>2018-09-11T01:30:32.9689006Z</ModuleTime>
      <ModuleName>System.Transactions</ModuleName>
      <Classes />
    </Module>
    <Module skippedDueTo="Filter" hash="">
      <ModulePath>RefEmit_InMemoryManifestModule</ModulePath>
      <ModuleTime>0001-01-01T00:00:00</ModuleTime>
      <ModuleName>MetadataViewProxies_23685be2-bc3b-4f99-bc84-6ba457504a23</ModuleName>
      <Classes />
    </Module>
    <Module skippedDueTo="Filter" hash="AB-F7-FA-5C-28-6A-AA-63-07-7F-E0-56-AA-86-DD-1A-05-8E-CA-F0">
      <ModulePath>C:\Program Files (x86)\Microsoft Visual Studio\2017\Professional\Common7\IDE\Extensions\TestPlatform\vstest.console.exe</ModulePath>
      <ModuleTime>2019-01-16T11:34:28.8475423Z</ModuleTime>
      <ModuleName>vstest.console</ModuleName>
      <Classes />
    </Module>
    <Module skippedDueTo="Filter" hash="6F-0D-72-50-01-9F-5A-13-E7-FF-65-AC-14-11-3D-9F-BE-89-EF-98">
      <ModulePath>C:\Program Files (x86)\Microsoft Visual Studio\2017\Professional\Common7\IDE\Extensions\TestPlatform\Microsoft.TestPlatform.CoreUtilities.dll</ModulePath>
      <ModuleTime>2019-01-16T11:34:28.8475423Z</ModuleTime>
      <ModuleName>Microsoft.TestPlatform.CoreUtilities</ModuleName>
      <Classes />
    </Module>
    <Module skippedDueTo="Filter" hash="0D-5D-97-72-83-71-7E-38-04-5B-09-7F-4A-00-D8-E1-22-BE-E7-18">
      <ModulePath>C:\Program Files (x86)\Microsoft Visual Studio\2017\Professional\Common7\IDE\Extensions\TestPlatform\Microsoft.VisualStudio.TestPlatform.ObjectModel.dll</ModulePath>
      <ModuleTime>2019-01-16T11:34:28.8475423Z</ModuleTime>
      <ModuleName>Microsoft.VisualStudio.TestPlatform.ObjectModel</ModuleName>
      <Classes />
    </Module>
    <Module skippedDueTo="Filter" hash="03-07-6E-DF-33-22-39-8D-E2-0B-AA-44-22-3C-87-1A-7F-DD-E2-69">
      <ModulePath>C:\Program Files (x86)\Microsoft Visual Studio\2017\Professional\Common7\IDE\Extensions\TestPlatform\Microsoft.VisualStudio.TestPlatform.Client.dll</ModulePath>
      <ModuleTime>2019-01-16T11:34:28.8475423Z</ModuleTime>
      <ModuleName>Microsoft.VisualStudio.TestPlatform.Client</ModuleName>
      <Classes />
    </Module>
    <Module skippedDueTo="Filter" hash="82-4E-23-1B-27-48-00-F5-3E-7F-8B-59-95-34-BA-D6-43-F3-39-F8">
      <ModulePath>C:\Program Files (x86)\Microsoft Visual Studio\2017\Professional\Common7\IDE\Extensions\TestPlatform\Microsoft.VisualStudio.TestPlatform.Common.dll</ModulePath>
      <ModuleTime>2019-01-16T11:34:28.8475423Z</ModuleTime>
      <ModuleName>Microsoft.VisualStudio.TestPlatform.Common</ModuleName>
      <Classes />
    </Module>
    <Module skippedDueTo="Filter" hash="91-EB-FD-77-98-E6-18-11-5F-CA-11-46-BC-FF-A5-7A-AC-FF-DB-D2">
      <ModulePath>C:\Program Files (x86)\Microsoft Visual Studio\2017\Professional\Common7\IDE\Extensions\TestPlatform\Microsoft.TestPlatform.PlatformAbstractions.dll</ModulePath>
      <ModuleTime>2019-01-16T11:34:28.8475423Z</ModuleTime>
      <ModuleName>Microsoft.TestPlatform.PlatformAbstractions</ModuleName>
      <Classes />
    </Module>
    <Module skippedDueTo="Filter" hash="10-A4-2C-B3-2A-80-26-22-75-44-D8-E4-17-E4-E7-4B-25-EE-1A-C1">
      <ModulePath>C:\Program Files (x86)\Microsoft Visual Studio\2017\Professional\Common7\IDE\Extensions\TestPlatform\Microsoft.TestPlatform.Utilities.dll</ModulePath>
      <ModuleTime>2019-01-16T11:34:28.8475423Z</ModuleTime>
      <ModuleName>Microsoft.TestPlatform.Utilities</ModuleName>
      <Classes />
    </Module>
    <Module skippedDueTo="Filter" hash="9D-55-94-6A-C0-FC-6B-A5-E4-1D-0C-08-93-62-E2-99-4E-38-32-88">
      <ModulePath>C:\Program Files (x86)\Microsoft Visual Studio\2017\Professional\Common7\IDE\Extensions\TestPlatform\Microsoft.TestPlatform.CrossPlatEngine.dll</ModulePath>
      <ModuleTime>2019-01-16T11:34:28.8475423Z</ModuleTime>
      <ModuleName>Microsoft.TestPlatform.CrossPlatEngine</ModuleName>
      <Classes />
    </Module>
    <Module skippedDueTo="Filter" hash="EF-A7-C4-E4-12-B6-BD-93-9B-4C-E6-DF-0B-97-B5-E9-73-BD-A6-BC">
      <ModulePath>C:\Program Files (x86)\Microsoft Visual Studio\2017\Professional\Common7\IDE\Extensions\TestPlatform\Extensions\Microsoft.TestPlatform.Extensions.BlameDataCollector.dll</ModulePath>
      <ModuleTime>2019-01-16T11:34:28.8475423Z</ModuleTime>
      <ModuleName>Microsoft.TestPlatform.Extensions.BlameDataCollector</ModuleName>
      <Classes />
    </Module>
    <Module skippedDueTo="Filter" hash="99-E8-27-C4-50-A3-5A-49-29-7A-97-D5-F1-A2-BA-45-74-26-68-CC">
      <ModulePath>C:\Program Files (x86)\Microsoft Visual Studio\2017\Professional\Common7\IDE\Extensions\TestPlatform\Extensions\Microsoft.TestPlatform.Extensions.EventLogCollector.dll</ModulePath>
      <ModuleTime>2019-01-16T11:34:28.8475423Z</ModuleTime>
      <ModuleName>Microsoft.TestPlatform.Extensions.EventLogCollector</ModuleName>
      <Classes />
    </Module>
    <Module skippedDueTo="Filter" hash="F5-8A-5D-01-71-67-A6-8D-17-FF-60-0E-22-C7-B5-71-EF-15-A8-5C">
      <ModulePath>C:\Program Files (x86)\Microsoft Visual Studio\2017\Professional\Common7\IDE\Extensions\TestPlatform\Extensions\Microsoft.TestPlatform.TestHostRuntimeProvider.dll</ModulePath>
      <ModuleTime>2019-01-16T11:34:28.8475423Z</ModuleTime>
      <ModuleName>Microsoft.TestPlatform.TestHostRuntimeProvider</ModuleName>
      <Classes />
    </Module>
    <Module skippedDueTo="Filter" hash="32-23-4D-3C-91-F8-08-5F-9C-79-F6-A2-33-E6-04-C9-AF-D5-41-95">
      <ModulePath>C:\Program Files (x86)\Microsoft Visual Studio\2017\Professional\Common7\IDE\Extensions\TestPlatform\Extensions\Microsoft.VisualStudio.TestPlatform.Extensions.CodedWebTestAdapter.dll</ModulePath>
      <ModuleTime>2019-01-16T11:34:28.8475423Z</ModuleTime>
      <ModuleName>Microsoft.VisualStudio.TestPlatform.Extensions.CodedWebTestAdapter</ModuleName>
      <Classes />
    </Module>
    <Module skippedDueTo="Filter" hash="B8-B2-CA-C2-49-75-4D-00-BB-B4-3C-5D-E2-5B-30-2C-2B-69-65-91">
      <ModulePath>C:\Program Files (x86)\Microsoft Visual Studio\2017\Professional\Common7\IDE\Extensions\TestPlatform\Extensions\Microsoft.VisualStudio.TestPlatform.Extensions.TmiAdapter.dll</ModulePath>
      <ModuleTime>2019-01-16T11:34:28.8475423Z</ModuleTime>
      <ModuleName>Microsoft.VisualStudio.TestPlatform.Extensions.TmiAdapter</ModuleName>
      <Classes />
    </Module>
    <Module skippedDueTo="Filter" hash="4F-51-F0-B3-81-A2-60-0D-63-15-F1-70-A3-43-6F-EE-A3-40-0B-45">
      <ModulePath>C:\Program Files (x86)\Microsoft Visual Studio\2017\Professional\Common7\IDE\Extensions\TestPlatform\Microsoft.VisualStudio.QualityTools.Common.dll</ModulePath>
      <ModuleTime>2019-01-16T11:34:28.8475423Z</ModuleTime>
      <ModuleName>Microsoft.VisualStudio.QualityTools.Common</ModuleName>
      <Classes />
    </Module>
    <Module skippedDueTo="Filter" hash="54-3E-FE-D1-45-DC-5A-FA-45-5B-3A-A7-81-F0-E7-87-E8-AE-47-06">
      <ModulePath>C:\Program Files (x86)\Microsoft Visual Studio\2017\Professional\Common7\IDE\Extensions\TestPlatform\Extensions\Microsoft.VisualStudio.TestPlatform.Extensions.GenericTestAdapter.dll</ModulePath>
      <ModuleTime>2019-01-16T11:34:28.8475423Z</ModuleTime>
      <ModuleName>Microsoft.VisualStudio.TestPlatform.Extensions.GenericTestAdapter</ModuleName>
      <Classes />
    </Module>
    <Module skippedDueTo="Filter" hash="94-50-26-90-5E-B4-31-47-BF-B5-06-9B-5B-44-41-2A-89-28-A3-2C">
      <ModulePath>C:\Program Files (x86)\Microsoft Visual Studio\2017\Professional\Common7\IDE\Extensions\TestPlatform\Extensions\Microsoft.VisualStudio.TestPlatform.Extensions.OrderedTestAdapter.dll</ModulePath>
      <ModuleTime>2019-01-16T11:34:28.8475423Z</ModuleTime>
      <ModuleName>Microsoft.VisualStudio.TestPlatform.Extensions.OrderedTestAdapter</ModuleName>
      <Classes />
    </Module>
    <Module skippedDueTo="Filter" hash="1B-FE-20-FD-0F-A4-E5-F0-2D-24-69-8D-C4-39-8D-76-22-EE-5E-7B">
      <ModulePath>C:\Program Files (x86)\Microsoft Visual Studio\2017\Professional\Common7\IDE\Extensions\TestPlatform\Extensions\Microsoft.VisualStudio.TestPlatform.Extensions.Trx.TestLogger.dll</ModulePath>
      <ModuleTime>2019-01-16T11:34:28.8475423Z</ModuleTime>
      <ModuleName>Microsoft.VisualStudio.TestPlatform.Extensions.Trx.TestLogger</ModuleName>
      <Classes />
    </Module>
    <Module skippedDueTo="Filter" hash="64-46-7A-68-D9-53-24-D1-DC-CD-8A-4F-9D-6A-9D-CC-B1-73-BC-88">
      <ModulePath>C:\Program Files (x86)\Microsoft Visual Studio\2017\Professional\Common7\IDE\Extensions\TestPlatform\Extensions\Microsoft.VisualStudio.TestPlatform.Extensions.VSTestIntegration.dll</ModulePath>
      <ModuleTime>2019-01-16T11:34:28.8475423Z</ModuleTime>
      <ModuleName>Microsoft.VisualStudio.TestPlatform.Extensions.VSTestIntegration</ModuleName>
      <Classes />
    </Module>
    <Module skippedDueTo="Filter" hash="43-63-58-DB-D7-64-6F-30-E7-36-F2-F5-BC-C7-D4-07-0F-85-73-03">
      <ModulePath>C:\Program Files (x86)\Microsoft Visual Studio\2017\Professional\Common7\IDE\Extensions\TestPlatform\Microsoft.VisualStudio.QualityTools.UnitTestFramework.dll</ModulePath>
      <ModuleTime>2019-01-16T11:34:28.8475423Z</ModuleTime>
      <ModuleName>Microsoft.VisualStudio.QualityTools.UnitTestFramework</ModuleName>
      <Classes />
    </Module>
    <Module skippedDueTo="Filter" hash="81-DE-20-6D-F7-FE-B6-53-CF-0D-4F-C8-06-44-8E-18-D6-1D-D4-22">
      <ModulePath>C:\Windows\Microsoft.Net\assembly\GAC_32\System.Data\v4.0_4.0.0.0__b77a5c561934e089\System.Data.dll</ModulePath>
      <ModuleTime>2018-10-11T03:09:37.2288781Z</ModuleTime>
      <ModuleName>System.Data</ModuleName>
      <Classes />
    </Module>
    <Module skippedDueTo="Filter" hash="89-97-49-06-57-01-89-AF-BE-7B-77-6D-D4-CF-79-0D-EB-9B-B1-42">
      <ModulePath>C:\Program Files (x86)\Microsoft Visual Studio\2017\Professional\Common7\IDE\Extensions\TestPlatform\Extensions\Microsoft.VisualStudio.TestPlatform.Extensions.WebTestAdapter.dll</ModulePath>
      <ModuleTime>2019-01-16T11:34:28.8475423Z</ModuleTime>
      <ModuleName>Microsoft.VisualStudio.TestPlatform.Extensions.WebTestAdapter</ModuleName>
      <Classes />
    </Module>
    <Module skippedDueTo="Filter" hash="46-78-93-51-81-0C-16-9F-1F-15-B0-07-7D-77-E5-6E-75-FF-47-D2">
      <ModulePath>C:\Program Files (x86)\Microsoft Visual Studio\2017\Professional\Common7\IDE\Extensions\TestPlatform\Extensions\Microsoft.VisualStudio.TestTools.CppUnitTestFramework.ComInterfaces.dll</ModulePath>
      <ModuleTime>2019-01-16T11:34:28.8475423Z</ModuleTime>
      <ModuleName>Microsoft.VisualStudio.TestTools.CppUnitTestFramework.ComInterfaces</ModuleName>
      <Classes />
    </Module>
    <Module skippedDueTo="Filter" hash="3A-0A-5D-BA-80-B6-E7-DC-14-73-A5-08-98-99-65-9B-6C-A4-9C-CE">
      <ModulePath>C:\Program Files (x86)\Microsoft Visual Studio\2017\Professional\Common7\IDE\Extensions\TestPlatform\Extensions\Microsoft.VisualStudio.TestTools.CppUnitTestFramework.CppUnitTestExtension.dll</ModulePath>
      <ModuleTime>2019-01-16T11:34:28.8475423Z</ModuleTime>
      <ModuleName>Microsoft.VisualStudio.TestTools.CppUnitTestFramework.CppUnitTestExtension</ModuleName>
      <Classes />
    </Module>
    <Module skippedDueTo="Filter" hash="69-C8-36-3A-C3-CF-6F-EF-AB-5A-DE-72-37-1C-C8-D2-17-B5-ED-28">
      <ModulePath>C:\Program Files (x86)\Microsoft Visual Studio\2017\Professional\Common7\IDE\Extensions\TestPlatform\Extensions\Microsoft.VisualStudio.TestTools.DataCollection.MediaRecorder.Model.dll</ModulePath>
      <ModuleTime>2019-01-16T11:34:28.8475423Z</ModuleTime>
      <ModuleName>Microsoft.VisualStudio.TestTools.DataCollection.MediaRecorder.Model</ModuleName>
      <Classes />
    </Module>
    <Module skippedDueTo="Filter" hash="9B-5A-11-3A-4B-34-5E-69-52-96-F0-97-7B-2C-FA-D5-AD-C9-0E-BF">
      <ModulePath>C:\Program Files (x86)\Microsoft Visual Studio\2017\Professional\Common7\IDE\Extensions\TestPlatform\Extensions\Microsoft.VisualStudio.TestTools.DataCollection.VideoRecorderCollector.dll</ModulePath>
      <ModuleTime>2019-01-16T11:34:28.8475423Z</ModuleTime>
      <ModuleName>Microsoft.VisualStudio.TestTools.DataCollection.VideoRecorderCollector</ModuleName>
      <Classes />
    </Module>
    <Module skippedDueTo="Filter" hash="A0-49-1D-75-62-A8-15-65-42-93-52-15-E1-4C-36-3C-8B-E8-96-AD">
      <ModulePath>C:\Program Files (x86)\Microsoft Visual Studio\2017\Professional\Common7\IDE\Extensions\TestPlatform\Extensions\Microsoft.VisualStudio.TraceDataCollector.dll</ModulePath>
      <ModuleTime>2019-01-16T11:34:28.8475423Z</ModuleTime>
      <ModuleName>Microsoft.VisualStudio.TraceDataCollector</ModuleName>
      <Classes />
    </Module>
    <Module skippedDueTo="Filter" hash="9E-E8-95-44-FD-A9-30-32-7F-B9-DE-5E-B3-EC-58-9D-CE-4D-0F-26">
      <ModulePath>C:\Program Files (x86)\Microsoft Visual Studio\2017\Professional\Common7\IDE\Extensions\TestPlatform\Microsoft.VisualStudio.ArchitectureTools.PEReader.dll</ModulePath>
      <ModuleTime>2019-01-16T11:34:28.8475423Z</ModuleTime>
      <ModuleName>Microsoft.VisualStudio.ArchitectureTools.PEReader</ModuleName>
      <Classes />
    </Module>
    <Module skippedDueTo="Filter" hash="50-2F-D8-59-65-11-F4-86-6F-05-3C-1E-E7-8F-4E-FD-E4-CF-8F-32">
      <ModulePath>C:\Program Files (x86)\Microsoft Visual Studio\2017\Professional\Common7\IDE\Extensions\TestPlatform\Microsoft.IntelliTrace.Core.dll</ModulePath>
      <ModuleTime>2019-01-16T11:34:28.8475423Z</ModuleTime>
      <ModuleName>Microsoft.IntelliTrace.Core</ModuleName>
      <Classes />
    </Module>
    <Module skippedDueTo="Filter" hash="A3-00-BC-74-ED-0E-A0-B7-23-F8-72-17-82-88-BD-BE-64-2F-02-47">
      <ModulePath>C:\Program Files (x86)\Microsoft Visual Studio\2017\Professional\Common7\IDE\Extensions\TestPlatform\System.Reflection.Metadata.dll</ModulePath>
      <ModuleTime>2019-01-16T11:34:28.8475423Z</ModuleTime>
      <ModuleName>System.Reflection.Metadata</ModuleName>
      <Classes />
    </Module>
    <Module skippedDueTo="Filter" hash="F1-67-10-FE-CA-06-2B-45-18-C0-DB-E8-DB-07-A4-7E-5B-25-BD-51">
      <ModulePath>C:\Windows\Microsoft.Net\assembly\GAC_MSIL\System.Runtime\v4.0_4.0.0.0__b03f5f7f11d50a3a\System.Runtime.dll</ModulePath>
      <ModuleTime>2018-04-11T23:35:18.1697369Z</ModuleTime>
      <ModuleName>System.Runtime</ModuleName>
      <Classes />
    </Module>
    <Module skippedDueTo="Filter" hash="48-9C-62-AC-2C-9E-AF-3D-29-AE-01-7A-58-E0-62-5E-2B-10-07-83">
      <ModulePath>C:\Windows\Microsoft.Net\assembly\GAC_MSIL\System.IO\v4.0_4.0.0.0__b03f5f7f11d50a3a\System.IO.dll</ModulePath>
      <ModuleTime>2018-04-11T23:35:19.6698491Z</ModuleTime>
      <ModuleName>System.IO</ModuleName>
      <Classes />
    </Module>
    <Module skippedDueTo="Filter" hash="43-EF-7F-ED-6A-8A-CB-EB-8B-00-F6-84-87-4D-29-32-6A-32-D6-B4">
      <ModulePath>C:\Program Files (x86)\Microsoft Visual Studio\2017\Professional\Common7\IDE\Extensions\TestPlatform\System.Collections.Immutable.dll</ModulePath>
      <ModuleTime>2019-01-16T11:34:28.8475423Z</ModuleTime>
      <ModuleName>System.Collections.Immutable</ModuleName>
      <Classes />
    </Module>
    <Module skippedDueTo="Filter" hash="09-61-C1-AD-F8-B2-1F-FC-E2-68-2C-0B-39-0A-BF-03-BB-AF-01-9D">
      <ModulePath>C:\Windows\Microsoft.Net\assembly\GAC_MSIL\System.Reflection\v4.0_4.0.0.0__b03f5f7f11d50a3a\System.Reflection.dll</ModulePath>
      <ModuleTime>2018-04-11T23:35:16.872764Z</ModuleTime>
      <ModuleName>System.Reflection</ModuleName>
      <Classes />
    </Module>
    <Module skippedDueTo="Filter" hash="42-7B-A1-41-28-72-72-CF-95-80-15-80-A7-86-0F-09-84-FD-AD-60">
      <ModulePath>C:\Windows\Microsoft.Net\assembly\GAC_MSIL\System.IO.FileSystem\v4.0_4.0.0.0__b03f5f7f11d50a3a\System.IO.FileSystem.dll</ModulePath>
      <ModuleTime>2018-04-11T23:35:18.1541107Z</ModuleTime>
      <ModuleName>System.IO.FileSystem</ModuleName>
      <Classes />
    </Module>
    <Module skippedDueTo="Filter" hash="6E-CA-0A-38-28-57-A1-35-21-AE-98-C2-2C-3C-9E-C3-1D-A2-56-91">
      <ModulePath>C:\Windows\Microsoft.Net\assembly\GAC_MSIL\System.IO.MemoryMappedFiles\v4.0_4.0.0.0__b03f5f7f11d50a3a\System.IO.MemoryMappedFiles.dll</ModulePath>
      <ModuleTime>2018-04-11T23:35:15.6695494Z</ModuleTime>
      <ModuleName>System.IO.MemoryMappedFiles</ModuleName>
      <Classes />
    </Module>
    <Module skippedDueTo="Filter" hash="8B-72-1B-8D-0D-EC-7F-51-BC-65-96-C3-C2-6C-9E-A7-28-55-88-DE">
      <ModulePath>C:\Windows\Microsoft.Net\assembly\GAC_MSIL\System.Runtime.Handles\v4.0_4.0.0.0__b03f5f7f11d50a3a\System.Runtime.Handles.dll</ModulePath>
      <ModuleTime>2018-04-11T23:35:15.7008013Z</ModuleTime>
      <ModuleName>System.Runtime.Handles</ModuleName>
      <Classes />
    </Module>
    <Module skippedDueTo="Filter" hash="BB-F2-F0-0B-65-C1-D4-87-F6-EA-BD-45-FB-BF-60-6F-6C-D5-9D-9F">
      <ModulePath>C:\Windows\Microsoft.Net\assembly\GAC_MSIL\System.Reflection.Extensions\v4.0_4.0.0.0__b03f5f7f11d50a3a\System.Reflection.Extensions.dll</ModulePath>
      <ModuleTime>2018-04-11T23:35:18.2322412Z</ModuleTime>
      <ModuleName>System.Reflection.Extensions</ModuleName>
      <Classes />
    </Module>
    <Module skippedDueTo="Filter" hash="1A-66-B3-AD-A9-11-BD-99-FC-2D-BE-15-FF-EC-97-E7-14-44-10-1E">
      <ModulePath>C:\Windows\Microsoft.Net\assembly\GAC_MSIL\System.Threading\v4.0_4.0.0.0__b03f5f7f11d50a3a\System.Threading.dll</ModulePath>
      <ModuleTime>2018-04-11T23:35:16.9352691Z</ModuleTime>
      <ModuleName>System.Threading</ModuleName>
      <Classes />
    </Module>
    <Module skippedDueTo="Filter" hash="8E-4C-6F-82-33-1E-54-34-FE-06-78-3D-39-39-2F-56-A9-C0-57-D4">
      <ModulePath>C:\Windows\Microsoft.Net\assembly\GAC_MSIL\System.Text.Encoding\v4.0_4.0.0.0__b03f5f7f11d50a3a\System.Text.Encoding.dll</ModulePath>
      <ModuleTime>2018-04-11T23:35:18.185363Z</ModuleTime>
      <ModuleName>System.Text.Encoding</ModuleName>
      <Classes />
    </Module>
    <Module skippedDueTo="Filter" hash="64-2B-2F-6C-93-40-15-B2-C2-09-53-6D-83-6E-09-18-65-28-04-7B">
      <ModulePath>C:\Windows\Microsoft.Net\assembly\GAC_MSIL\System.Runtime.Extensions\v4.0_4.0.0.0__b03f5f7f11d50a3a\System.Runtime.Extensions.dll</ModulePath>
      <ModuleTime>2018-04-11T23:35:17.0759046Z</ModuleTime>
      <ModuleName>System.Runtime.Extensions</ModuleName>
      <Classes />
    </Module>
    <Module skippedDueTo="Filter" hash="03-A0-32-45-29-F9-0C-75-3A-D7-2C-B6-3B-BC-61-31-33-D2-ED-FF">
      <ModulePath>C:\Windows\Microsoft.Net\assembly\GAC_MSIL\System.Runtime.InteropServices\v4.0_4.0.0.0__b03f5f7f11d50a3a\System.Runtime.InteropServices.dll</ModulePath>
      <ModuleTime>2018-04-11T23:35:18.1697369Z</ModuleTime>
      <ModuleName>System.Runtime.InteropServices</ModuleName>
      <Classes />
    </Module>
    <Module skippedDueTo="Filter" hash="32-97-0E-D1-77-6F-58-6A-1C-BF-D3-28-3E-90-68-C3-63-31-BB-69">
      <ModulePath>C:\Windows\Microsoft.Net\assembly\GAC_MSIL\System.Text.Encoding.Extensions\v4.0_4.0.0.0__b03f5f7f11d50a3a\System.Text.Encoding.Extensions.dll</ModulePath>
      <ModuleTime>2018-04-11T23:35:19.7167272Z</ModuleTime>
      <ModuleName>System.Text.Encoding.Extensions</ModuleName>
      <Classes />
    </Module>
    <Module skippedDueTo="Filter" hash="E7-D5-D7-33-C6-67-8B-22-79-C9-5D-AF-BD-0D-F3-1F-26-D8-C9-BF">
      <ModulePath>C:\Program Files (x86)\Microsoft Visual Studio\2017\Professional\Common7\IDE\Extensions\TestPlatform\Microsoft.VisualStudio.TestPlatform.Fakes.dll</ModulePath>
      <ModuleTime>2019-01-16T11:34:28.8475423Z</ModuleTime>
      <ModuleName>Microsoft.VisualStudio.TestPlatform.Fakes</ModuleName>
      <Classes />
    </Module>
    <Module skippedDueTo="Filter" hash="25-66-44-D6-A4-85-39-DE-35-36-CE-72-44-AF-FC-15-F3-41-11-40">
      <ModulePath>C:\Program Files (x86)\Microsoft Visual Studio\2017\Professional\Common7\IDE\Extensions\TestPlatform\Microsoft.TestPlatform.CommunicationUtilities.dll</ModulePath>
      <ModuleTime>2019-01-16T11:34:28.8475423Z</ModuleTime>
      <ModuleName>Microsoft.TestPlatform.CommunicationUtilities</ModuleName>
      <Classes />
    </Module>
    <Module skippedDueTo="Filter" hash="6B-0D-A7-56-17-A2-26-94-93-DC-1A-68-5D-7A-0B-07-F2-E4-8C-75">
      <ModulePath>C:\Program Files (x86)\Microsoft Visual Studio\2017\Professional\Common7\IDE\Extensions\TestPlatform\Newtonsoft.Json.dll</ModulePath>
      <ModuleTime>2019-01-16T11:34:28.8475423Z</ModuleTime>
      <ModuleName>Newtonsoft.Json</ModuleName>
      <Classes />
    </Module>
    <Module skippedDueTo="Filter" hash="67-97-99-39-84-F7-16-4E-E7-62-EA-DC-7C-83-21-8F-A9-D9-A1-A0">
      <ModulePath>D:\NAGP\UnitTest\MediaStorage-Dotnet\MediaStorage.Service.Test\bin\Debug\Microsoft.VisualStudio.TestPlatform.MSTest.TestAdapter.dll</ModulePath>
      <ModuleTime>2018-06-05T07:21:36Z</ModuleTime>
      <ModuleName>Microsoft.VisualStudio.TestPlatform.MSTest.TestAdapter</ModuleName>
      <Classes />
    </Module>
    <Module skippedDueTo="Filter" hash="44-8F-EE-BC-56-83-22-04-15-20-82-7D-BF-FA-A8-E8-9C-33-D9-E8">
      <ModulePath>D:\NAGP\UnitTest\MediaStorage-Dotnet\MediaStorage.Service.Test\bin\Debug\Microsoft.VisualStudio.TestPlatform.TestFramework.dll</ModulePath>
      <ModuleTime>2018-06-05T07:17:02Z</ModuleTime>
      <ModuleName>Microsoft.VisualStudio.TestPlatform.TestFramework</ModuleName>
      <Classes />
    </Module>
    <Module skippedDueTo="Filter" hash="6F-CB-80-19-07-E6-7F-D6-F9-1D-EB-CD-AD-79-88-FA-B9-E8-91-A5">
      <ModulePath>D:\NAGP\UnitTest\MediaStorage-Dotnet\MediaStorage.Service.Test\bin\Debug\Microsoft.VisualStudio.TestPlatform.MSTestAdapter.PlatformServices.Interface.dll</ModulePath>
      <ModuleTime>2018-06-05T07:20:06Z</ModuleTime>
      <ModuleName>Microsoft.VisualStudio.TestPlatform.MSTestAdapter.PlatformServices.Interface</ModuleName>
      <Classes />
    </Module>
    <Module skippedDueTo="Filter" hash="4D-AE-CD-82-E0-4B-E2-0F-CA-8E-B6-ED-56-65-84-57-EF-28-68-42">
      <ModulePath>D:\NAGP\UnitTest\MediaStorage-Dotnet\MediaStorage.Service.Test\bin\Debug\Microsoft.VisualStudio.TestPlatform.MSTestAdapter.PlatformServices.dll</ModulePath>
      <ModuleTime>2018-06-05T07:24:38Z</ModuleTime>
      <ModuleName>Microsoft.VisualStudio.TestPlatform.MSTestAdapter.PlatformServices</ModuleName>
      <Classes />
    </Module>
    <Module skippedDueTo="Filter" hash="26-E0-34-D3-A9-C4-33-7A-2B-12-1B-03-1E-48-23-95-AB-44-04-80">
      <ModulePath>C:\Windows\Microsoft.Net\assembly\GAC_MSIL\System.Collections\v4.0_4.0.0.0__b03f5f7f11d50a3a\System.Collections.dll</ModulePath>
      <ModuleTime>2018-04-11T23:35:19.74798Z</ModuleTime>
      <ModuleName>System.Collections</ModuleName>
      <Classes />
    </Module>
    <Module skippedDueTo="Filter" hash="A9-83-11-F0-BE-0C-4A-A2-E7-49-98-89-7D-9D-A5-9B-BA-83-BA-E0">
      <ModulePath>C:\Windows\Microsoft.Net\assembly\GAC_MSIL\System.Linq\v4.0_4.0.0.0__b03f5f7f11d50a3a\System.Linq.dll</ModulePath>
      <ModuleTime>2018-04-11T23:35:18.2634939Z</ModuleTime>
      <ModuleName>System.Linq</ModuleName>
      <Classes />
    </Module>
    <Module skippedDueTo="Filter" hash="8B-37-83-77-E7-CC-0E-BF-47-EC-D6-70-8E-BB-02-E1-8D-DE-5B-56">
      <ModulePath>C:\Windows\Microsoft.Net\assembly\GAC_MSIL\System.Xml.ReaderWriter\v4.0_4.0.0.0__b03f5f7f11d50a3a\System.Xml.ReaderWriter.dll</ModulePath>
      <ModuleTime>2018-04-11T23:35:19.7167272Z</ModuleTime>
      <ModuleName>System.Xml.ReaderWriter</ModuleName>
      <Classes />
    </Module>
    <Module skippedDueTo="Filter" hash="53-5B-D3-B4-4D-9B-1F-60-BD-F6-87-AD-11-54-A8-5B-62-DA-87-72">
      <ModulePath>C:\Windows\Microsoft.Net\assembly\GAC_MSIL\System.Xml.XDocument\v4.0_4.0.0.0__b03f5f7f11d50a3a\System.Xml.XDocument.dll</ModulePath>
      <ModuleTime>2018-04-11T23:35:16.888391Z</ModuleTime>
      <ModuleName>System.Xml.XDocument</ModuleName>
      <Classes />
    </Module>
    <Module skippedDueTo="Filter" hash="EE-87-E3-8B-35-D7-7B-51-75-59-60-AC-9C-42-7D-75-33-40-43-72">
      <ModulePath>C:\Windows\Microsoft.Net\assembly\GAC_MSIL\System.Xml.Linq\v4.0_4.0.0.0__b77a5c561934e089\System.Xml.Linq.dll</ModulePath>
      <ModuleTime>2018-04-11T23:35:18.3885028Z</ModuleTime>
      <ModuleName>System.Xml.Linq</ModuleName>
      <Classes />
    </Module>
    <Module skippedDueTo="Filter" hash="97-4E-47-34-9D-AF-66-79-B5-C7-38-EF-A8-2A-96-D5-2D-6C-46-7E">
      <ModulePath>C:\Windows\Microsoft.Net\assembly\GAC_MSIL\System.Globalization\v4.0_4.0.0.0__b03f5f7f11d50a3a\System.Globalization.dll</ModulePath>
      <ModuleTime>2018-04-11T23:35:19.7948581Z</ModuleTime>
      <ModuleName>System.Globalization</ModuleName>
      <Classes />
    </Module>
    <Module skippedDueTo="Filter" hash="A2-48-F4-0D-95-3E-B6-7A-A5-79-9D-E3-9A-08-82-E0-1B-64-45-8B">
      <ModulePath>D:\NAGP\UnitTest\MediaStorage-Dotnet\MediaStorage.Service.Test\bin\Debug\MediaStorage.Service.Test.dll</ModulePath>
      <ModuleTime>2019-07-17T17:08:49.3462012Z</ModuleTime>
      <ModuleName>MediaStorage.Service.Test</ModuleName>
      <Classes />
    </Module>
    <Module hash="6A-AE-BE-89-33-71-C3-13-42-2A-50-5C-D3-F0-F3-7A-1E-F5-6D-83">
      <Summary numSequencePoints="362" visitedSequencePoints="342" numBranchPoints="112" visitedBranchPoints="102" sequenceCoverage="94.48" branchCoverage="91.07" maxCyclomaticComplexity="12" minCyclomaticComplexity="1" visitedClasses="27" numClasses="33" visitedMethods="44" numMethods="50" />
      <ModulePath>D:\NAGP\UnitTest\MediaStorage-Dotnet\MediaStorage.Service.Test\bin\Debug\MediaStorage.Service.dll</ModulePath>
      <ModuleTime>2019-07-17T16:50:17.8958118Z</ModuleTime>
      <ModuleName>MediaStorage.Service</ModuleName>
      <Files>
        <File uid="1" fullPath="D:\NAGP\UnitTest\MediaStorage-Dotnet\MediaStorage.Service\DepartmentService.cs" />
        <File uid="9" fullPath="D:\NAGP\UnitTest\MediaStorage-Dotnet\MediaStorage.Service\LibraryService.cs" />
        <File uid="17" fullPath="D:\NAGP\UnitTest\MediaStorage-Dotnet\MediaStorage.Service\TagService.cs" />
        <File uid="18" fullPath="D:\NAGP\UnitTest\MediaStorage-Dotnet\MediaStorage.Service\UserService.cs" />
        <File uid="19" fullPath="D:\NAGP\UnitTest\MediaStorage-Dotnet\MediaStorage.Service\MaterialTypeService.cs" />
        <File uid="33" fullPath="D:\NAGP\UnitTest\MediaStorage-Dotnet\MediaStorage.Service\MenuService.cs" />
      </Files>
      <Classes>
        <Class>
          <Summary numSequencePoints="0" visitedSequencePoints="0" numBranchPoints="0" visitedBranchPoints="0" sequenceCoverage="0" branchCoverage="0" maxCyclomaticComplexity="0" minCyclomaticComplexity="0" visitedClasses="0" numClasses="0" visitedMethods="0" numMethods="0" />
          <FullName>&lt;Module&gt;</FullName>
          <Methods />
        </Class>
        <Class>
          <Summary numSequencePoints="5" visitedSequencePoints="5" numBranchPoints="1" visitedBranchPoints="1" sequenceCoverage="100" branchCoverage="100" maxCyclomaticComplexity="1" minCyclomaticComplexity="1" visitedClasses="1" numClasses="1" visitedMethods="1" numMethods="1" />
          <FullName>MediaStorage.Service.DepartmentService</FullName>
          <Methods>
            <Method visited="true" cyclomaticComplexity="1" nPathComplexity="0" sequenceCoverage="100" branchCoverage="100" isConstructor="true" isStatic="false" isGetter="false" isSetter="false">
              <Summary numSequencePoints="5" visitedSequencePoints="5" numBranchPoints="1" visitedBranchPoints="1" sequenceCoverage="100" branchCoverage="100" maxCyclomaticComplexity="1" minCyclomaticComplexity="1" visitedClasses="0" numClasses="0" visitedMethods="1" numMethods="1" />
              <MetadataToken>100663297</MetadataToken>
              <Name>System.Void MediaStorage.Service.DepartmentService::.ctor(MediaStorage.Data.Repository.IDepartmentRepository,MediaStorage.Common.ILogger)</Name>
              <FileRef uid="1" />
              <SequencePoints>
                <SequencePoint vc="14" uspid="1" ordinal="0" offset="0" sl="19" sc="9" el="19" ec="93" bec="0" bev="0" fileid="1" />
                <SequencePoint vc="14" uspid="2" ordinal="1" offset="7" sl="20" sc="9" el="20" ec="10" bec="0" bev="0" fileid="1" />
                <SequencePoint vc="14" uspid="3" ordinal="2" offset="8" sl="21" sc="13" el="21" ec="62" bec="0" bev="0" fileid="1" />
                <SequencePoint vc="14" uspid="4" ordinal="3" offset="15" sl="22" sc="13" el="22" ec="34" bec="0" bev="0" fileid="1" />
                <SequencePoint vc="14" uspid="5" ordinal="4" offset="22" sl="23" sc="9" el="23" ec="10" bec="0" bev="0" fileid="1" />
              </SequencePoints>
              <BranchPoints />
              <MethodPoint xsi:type="SequencePoint" vc="14" uspid="1" ordinal="0" offset="0" sl="19" sc="9" el="19" ec="93" bec="0" bev="0" fileid="1" />
            </Method>
            <Method visited="true" cyclomaticComplexity="1" nPathComplexity="0" sequenceCoverage="0" branchCoverage="0" isConstructor="false" isStatic="false" isGetter="false" isSetter="false">
              <Summary numSequencePoints="0" visitedSequencePoints="0" numBranchPoints="0" visitedBranchPoints="0" sequenceCoverage="0" branchCoverage="0" maxCyclomaticComplexity="1" minCyclomaticComplexity="1" visitedClasses="0" numClasses="0" visitedMethods="0" numMethods="0" />
              <MetadataToken>100663298</MetadataToken>
              <Name>System.Threading.Tasks.Task`1&lt;System.Collections.Generic.List`1&lt;MediaStorage.Common.ViewModels.Department.DepartmentListViewModel&gt;&gt; MediaStorage.Service.DepartmentService::GetAllDepartments()</Name>
              <SequencePoints />
              <BranchPoints />
              <MethodPoint vc="2" uspid="6" ordinal="0" offset="0" />
            </Method>
            <Method visited="true" cyclomaticComplexity="1" nPathComplexity="0" sequenceCoverage="0" branchCoverage="0" isConstructor="false" isStatic="false" isGetter="false" isSetter="false">
              <Summary numSequencePoints="0" visitedSequencePoints="0" numBranchPoints="0" visitedBranchPoints="0" sequenceCoverage="0" branchCoverage="0" maxCyclomaticComplexity="1" minCyclomaticComplexity="1" visitedClasses="0" numClasses="0" visitedMethods="0" numMethods="0" />
              <MetadataToken>100663299</MetadataToken>
              <Name>System.Threading.Tasks.Task`1&lt;System.Collections.Generic.List`1&lt;MediaStorage.Common.ViewModels.Department.DepartmentListViewModel&gt;&gt; MediaStorage.Service.DepartmentService::GetDepartmentsByLibraryId(System.Int32)</Name>
              <SequencePoints />
              <BranchPoints />
              <MethodPoint vc="2" uspid="7" ordinal="0" offset="0" />
            </Method>
            <Method visited="true" cyclomaticComplexity="1" nPathComplexity="0" sequenceCoverage="0" branchCoverage="0" isConstructor="false" isStatic="false" isGetter="false" isSetter="false">
              <Summary numSequencePoints="0" visitedSequencePoints="0" numBranchPoints="0" visitedBranchPoints="0" sequenceCoverage="0" branchCoverage="0" maxCyclomaticComplexity="1" minCyclomaticComplexity="1" visitedClasses="0" numClasses="0" visitedMethods="0" numMethods="0" />
              <MetadataToken>100663300</MetadataToken>
              <Name>System.Threading.Tasks.Task`1&lt;MediaStorage.Common.ViewModels.Department.DepartmentViewModel&gt; MediaStorage.Service.DepartmentService::GetDepartmentById(System.Int32)</Name>
              <SequencePoints />
              <BranchPoints />
              <MethodPoint vc="4" uspid="8" ordinal="0" offset="0" />
            </Method>
            <Method visited="true" cyclomaticComplexity="1" nPathComplexity="0" sequenceCoverage="0" branchCoverage="0" isConstructor="false" isStatic="false" isGetter="false" isSetter="false">
              <Summary numSequencePoints="0" visitedSequencePoints="0" numBranchPoints="0" visitedBranchPoints="0" sequenceCoverage="0" branchCoverage="0" maxCyclomaticComplexity="1" minCyclomaticComplexity="1" visitedClasses="0" numClasses="0" visitedMethods="0" numMethods="0" />
              <MetadataToken>100663301</MetadataToken>
              <Name>System.Threading.Tasks.Task`1&lt;System.Boolean&gt; MediaStorage.Service.DepartmentService::HasDepartmentsByLibraryId(System.Int32)</Name>
              <SequencePoints />
              <BranchPoints />
              <MethodPoint vc="2" uspid="9" ordinal="0" offset="0" />
            </Method>
            <Method visited="true" cyclomaticComplexity="1" nPathComplexity="0" sequenceCoverage="0" branchCoverage="0" isConstructor="false" isStatic="false" isGetter="false" isSetter="false">
              <Summary numSequencePoints="0" visitedSequencePoints="0" numBranchPoints="0" visitedBranchPoints="0" sequenceCoverage="0" branchCoverage="0" maxCyclomaticComplexity="1" minCyclomaticComplexity="1" visitedClasses="0" numClasses="0" visitedMethods="0" numMethods="0" />
              <MetadataToken>100663302</MetadataToken>
              <Name>System.Threading.Tasks.Task`1&lt;MediaStorage.Common.ServiceResult&gt; MediaStorage.Service.DepartmentService::AddDepartment(MediaStorage.Common.ViewModels.Department.DepartmentViewModel)</Name>
              <SequencePoints />
              <BranchPoints />
              <MethodPoint vc="2" uspid="10" ordinal="0" offset="0" />
            </Method>
            <Method visited="true" cyclomaticComplexity="1" nPathComplexity="0" sequenceCoverage="0" branchCoverage="0" isConstructor="false" isStatic="false" isGetter="false" isSetter="false">
              <Summary numSequencePoints="0" visitedSequencePoints="0" numBranchPoints="0" visitedBranchPoints="0" sequenceCoverage="0" branchCoverage="0" maxCyclomaticComplexity="1" minCyclomaticComplexity="1" visitedClasses="0" numClasses="0" visitedMethods="0" numMethods="0" />
              <MetadataToken>100663303</MetadataToken>
              <Name>System.Threading.Tasks.Task`1&lt;MediaStorage.Common.ServiceResult&gt; MediaStorage.Service.DepartmentService::UpdateDepartment(MediaStorage.Common.ViewModels.Department.DepartmentViewModel)</Name>
              <SequencePoints />
              <BranchPoints />
              <MethodPoint vc="2" uspid="11" ordinal="0" offset="0" />
            </Method>
            <Method visited="true" cyclomaticComplexity="1" nPathComplexity="0" sequenceCoverage="0" branchCoverage="0" isConstructor="false" isStatic="false" isGetter="false" isSetter="false">
              <Summary numSequencePoints="0" visitedSequencePoints="0" numBranchPoints="0" visitedBranchPoints="0" sequenceCoverage="0" branchCoverage="0" maxCyclomaticComplexity="1" minCyclomaticComplexity="1" visitedClasses="0" numClasses="0" visitedMethods="0" numMethods="0" />
              <MetadataToken>100663304</MetadataToken>
              <Name>System.Threading.Tasks.Task`1&lt;MediaStorage.Common.ServiceResult&gt; MediaStorage.Service.DepartmentService::RemoveDepartment(System.Int32)</Name>
              <SequencePoints />
              <BranchPoints />
              <MethodPoint vc="2" uspid="12" ordinal="0" offset="0" />
            </Method>
          </Methods>
        </Class>
        <Class>
          <Summary numSequencePoints="7" visitedSequencePoints="7" numBranchPoints="3" visitedBranchPoints="3" sequenceCoverage="100" branchCoverage="100" maxCyclomaticComplexity="5" minCyclomaticComplexity="1" visitedClasses="1" numClasses="1" visitedMethods="1" numMethods="1" />
          <FullName>MediaStorage.Service.DepartmentService/&lt;GetAllDepartments&gt;d__3</FullName>
          <Methods>
            <Method visited="true" cyclomaticComplexity="1" nPathComplexity="0" sequenceCoverage="0" branchCoverage="0" isConstructor="true" isStatic="false" isGetter="false" isSetter="false">
              <Summary numSequencePoints="0" visitedSequencePoints="0" numBranchPoints="0" visitedBranchPoints="0" sequenceCoverage="0" branchCoverage="0" maxCyclomaticComplexity="1" minCyclomaticComplexity="1" visitedClasses="0" numClasses="0" visitedMethods="0" numMethods="0" />
              <MetadataToken>100663381</MetadataToken>
              <Name>System.Void MediaStorage.Service.DepartmentService/&lt;GetAllDepartments&gt;d__3::.ctor()</Name>
              <SequencePoints />
              <BranchPoints />
              <MethodPoint vc="2" uspid="13" ordinal="0" offset="0" />
            </Method>
            <Method visited="true" cyclomaticComplexity="5" nPathComplexity="2" sequenceCoverage="100" branchCoverage="100" isConstructor="false" isStatic="false" isGetter="false" isSetter="false">
              <Summary numSequencePoints="7" visitedSequencePoints="7" numBranchPoints="3" visitedBranchPoints="3" sequenceCoverage="100" branchCoverage="100" maxCyclomaticComplexity="5" minCyclomaticComplexity="5" visitedClasses="0" numClasses="0" visitedMethods="1" numMethods="1" />
              <MetadataToken>100663382</MetadataToken>
              <Name>System.Void MediaStorage.Service.DepartmentService/&lt;GetAllDepartments&gt;d__3::MoveNext()</Name>
              <FileRef uid="1" />
              <SequencePoints>
                <SequencePoint vc="2" uspid="14" ordinal="0" offset="14" sl="26" sc="9" el="26" ec="10" bec="0" bev="0" fileid="1" />
                <SequencePoint vc="2" uspid="15" ordinal="1" offset="15" sl="27" sc="13" el="27" ec="103" bec="0" bev="0" fileid="1" />
                <SequencePoint vc="2" uspid="16" ordinal="2" offset="150" sl="28" sc="13" el="28" ec="59" bec="2" bev="2" fileid="1" />
                <SequencePoint vc="1" uspid="17" ordinal="3" offset="181" sl="29" sc="13" el="29" ec="14" bec="0" bev="0" fileid="1" />
                <SequencePoint vc="1" uspid="18" ordinal="4" offset="182" sl="30" sc="17" el="30" ec="70" bec="0" bev="0" fileid="1" />
                <SequencePoint vc="1" uspid="19" ordinal="5" offset="193" sl="32" sc="13" el="32" ec="32" bec="0" bev="0" fileid="1" />
                <SequencePoint vc="1" uspid="20" ordinal="6" offset="228" sl="33" sc="9" el="33" ec="10" bec="0" bev="0" fileid="1" />
              </SequencePoints>
              <BranchPoints>
                <BranchPoint vc="1" uspid="25" ordinal="4" offset="179" sl="28" path="0" offsetend="181" fileid="1" />
                <BranchPoint vc="1" uspid="26" ordinal="5" offset="179" sl="28" path="1" offsetend="193" fileid="1" />
              </BranchPoints>
              <MethodPoint vc="2" uspid="27" ordinal="0" offset="0" />
            </Method>
            <Method visited="false" cyclomaticComplexity="1" nPathComplexity="0" sequenceCoverage="0" branchCoverage="0" isConstructor="false" isStatic="false" isGetter="false" isSetter="false">
              <Summary numSequencePoints="0" visitedSequencePoints="0" numBranchPoints="0" visitedBranchPoints="0" sequenceCoverage="0" branchCoverage="0" maxCyclomaticComplexity="1" minCyclomaticComplexity="1" visitedClasses="0" numClasses="0" visitedMethods="0" numMethods="0" />
              <MetadataToken>100663383</MetadataToken>
              <Name>System.Void MediaStorage.Service.DepartmentService/&lt;GetAllDepartments&gt;d__3::SetStateMachine(System.Runtime.CompilerServices.IAsyncStateMachine)</Name>
              <SequencePoints />
              <BranchPoints />
              <MethodPoint vc="0" uspid="28" ordinal="0" offset="0" />
            </Method>
          </Methods>
        </Class>
        <Class>
          <Summary numSequencePoints="7" visitedSequencePoints="7" numBranchPoints="3" visitedBranchPoints="3" sequenceCoverage="100" branchCoverage="100" maxCyclomaticComplexity="5" minCyclomaticComplexity="1" visitedClasses="1" numClasses="1" visitedMethods="1" numMethods="1" />
          <FullName>MediaStorage.Service.DepartmentService/&lt;GetDepartmentsByLibraryId&gt;d__4</FullName>
          <Methods>
            <Method visited="true" cyclomaticComplexity="1" nPathComplexity="0" sequenceCoverage="0" branchCoverage="0" isConstructor="true" isStatic="false" isGetter="false" isSetter="false">
              <Summary numSequencePoints="0" visitedSequencePoints="0" numBranchPoints="0" visitedBranchPoints="0" sequenceCoverage="0" branchCoverage="0" maxCyclomaticComplexity="1" minCyclomaticComplexity="1" visitedClasses="0" numClasses="0" visitedMethods="0" numMethods="0" />
              <MetadataToken>100663384</MetadataToken>
              <Name>System.Void MediaStorage.Service.DepartmentService/&lt;GetDepartmentsByLibraryId&gt;d__4::.ctor()</Name>
              <SequencePoints />
              <BranchPoints />
              <MethodPoint vc="2" uspid="29" ordinal="0" offset="0" />
            </Method>
            <Method visited="true" cyclomaticComplexity="5" nPathComplexity="2" sequenceCoverage="100" branchCoverage="100" isConstructor="false" isStatic="false" isGetter="false" isSetter="false">
              <Summary numSequencePoints="7" visitedSequencePoints="7" numBranchPoints="3" visitedBranchPoints="3" sequenceCoverage="100" branchCoverage="100" maxCyclomaticComplexity="5" minCyclomaticComplexity="5" visitedClasses="0" numClasses="0" visitedMethods="1" numMethods="1" />
              <MetadataToken>100663385</MetadataToken>
              <Name>System.Void MediaStorage.Service.DepartmentService/&lt;GetDepartmentsByLibraryId&gt;d__4::MoveNext()</Name>
              <FileRef uid="1" />
              <SequencePoints>
                <SequencePoint vc="2" uspid="30" ordinal="0" offset="14" sl="36" sc="9" el="36" ec="10" bec="0" bev="0" fileid="1" />
                <SequencePoint vc="2" uspid="31" ordinal="1" offset="15" sl="37" sc="13" el="37" ec="120" bec="0" bev="0" fileid="1" />
                <SequencePoint vc="2" uspid="32" ordinal="2" offset="156" sl="38" sc="13" el="38" ec="59" bec="2" bev="2" fileid="1" />
                <SequencePoint vc="1" uspid="33" ordinal="3" offset="187" sl="39" sc="13" el="39" ec="14" bec="0" bev="0" fileid="1" />
                <SequencePoint vc="1" uspid="34" ordinal="4" offset="188" sl="40" sc="17" el="40" ec="70" bec="0" bev="0" fileid="1" />
                <SequencePoint vc="1" uspid="35" ordinal="5" offset="199" sl="42" sc="13" el="42" ec="32" bec="0" bev="0" fileid="1" />
                <SequencePoint vc="1" uspid="36" ordinal="6" offset="234" sl="43" sc="9" el="43" ec="10" bec="0" bev="0" fileid="1" />
              </SequencePoints>
              <BranchPoints>
                <BranchPoint vc="1" uspid="41" ordinal="4" offset="185" sl="38" path="0" offsetend="187" fileid="1" />
                <BranchPoint vc="1" uspid="42" ordinal="5" offset="185" sl="38" path="1" offsetend="199" fileid="1" />
              </BranchPoints>
              <MethodPoint vc="2" uspid="43" ordinal="0" offset="0" />
            </Method>
            <Method visited="false" cyclomaticComplexity="1" nPathComplexity="0" sequenceCoverage="0" branchCoverage="0" isConstructor="false" isStatic="false" isGetter="false" isSetter="false">
              <Summary numSequencePoints="0" visitedSequencePoints="0" numBranchPoints="0" visitedBranchPoints="0" sequenceCoverage="0" branchCoverage="0" maxCyclomaticComplexity="1" minCyclomaticComplexity="1" visitedClasses="0" numClasses="0" visitedMethods="0" numMethods="0" />
              <MetadataToken>100663386</MetadataToken>
              <Name>System.Void MediaStorage.Service.DepartmentService/&lt;GetDepartmentsByLibraryId&gt;d__4::SetStateMachine(System.Runtime.CompilerServices.IAsyncStateMachine)</Name>
              <SequencePoints />
              <BranchPoints />
              <MethodPoint vc="0" uspid="44" ordinal="0" offset="0" />
            </Method>
          </Methods>
        </Class>
        <Class>
          <Summary numSequencePoints="8" visitedSequencePoints="8" numBranchPoints="3" visitedBranchPoints="3" sequenceCoverage="100" branchCoverage="100" maxCyclomaticComplexity="4" minCyclomaticComplexity="1" visitedClasses="1" numClasses="1" visitedMethods="1" numMethods="1" />
          <FullName>MediaStorage.Service.DepartmentService/&lt;GetDepartmentById&gt;d__5</FullName>
          <Methods>
            <Method visited="true" cyclomaticComplexity="1" nPathComplexity="0" sequenceCoverage="0" branchCoverage="0" isConstructor="true" isStatic="false" isGetter="false" isSetter="false">
              <Summary numSequencePoints="0" visitedSequencePoints="0" numBranchPoints="0" visitedBranchPoints="0" sequenceCoverage="0" branchCoverage="0" maxCyclomaticComplexity="1" minCyclomaticComplexity="1" visitedClasses="0" numClasses="0" visitedMethods="0" numMethods="0" />
              <MetadataToken>100663387</MetadataToken>
              <Name>System.Void MediaStorage.Service.DepartmentService/&lt;GetDepartmentById&gt;d__5::.ctor()</Name>
              <SequencePoints />
              <BranchPoints />
              <MethodPoint vc="4" uspid="45" ordinal="0" offset="0" />
            </Method>
            <Method visited="true" cyclomaticComplexity="4" nPathComplexity="2" sequenceCoverage="100" branchCoverage="100" isConstructor="false" isStatic="false" isGetter="false" isSetter="false">
              <Summary numSequencePoints="8" visitedSequencePoints="8" numBranchPoints="3" visitedBranchPoints="3" sequenceCoverage="100" branchCoverage="100" maxCyclomaticComplexity="4" minCyclomaticComplexity="4" visitedClasses="0" numClasses="0" visitedMethods="1" numMethods="1" />
              <MetadataToken>100663388</MetadataToken>
              <Name>System.Void MediaStorage.Service.DepartmentService/&lt;GetDepartmentById&gt;d__5::MoveNext()</Name>
              <FileRef uid="1" />
              <SequencePoints>
                <SequencePoint vc="4" uspid="46" ordinal="0" offset="14" sl="46" sc="9" el="46" ec="10" bec="0" bev="0" fileid="1" />
                <SequencePoint vc="4" uspid="47" ordinal="1" offset="15" sl="47" sc="13" el="47" ec="104" bec="0" bev="0" fileid="1" />
                <SequencePoint vc="4" uspid="48" ordinal="2" offset="156" sl="49" sc="13" el="49" ec="36" bec="2" bev="2" fileid="1" />
                <SequencePoint vc="2" uspid="49" ordinal="3" offset="171" sl="50" sc="13" el="50" ec="14" bec="0" bev="0" fileid="1" />
                <SequencePoint vc="2" uspid="50" ordinal="4" offset="172" sl="51" sc="17" el="51" ec="47" bec="0" bev="0" fileid="1" />
                <SequencePoint vc="2" uspid="51" ordinal="5" offset="212" sl="52" sc="17" el="52" ec="70" bec="0" bev="0" fileid="1" />
                <SequencePoint vc="2" uspid="52" ordinal="6" offset="223" sl="54" sc="13" el="54" ec="31" bec="0" bev="0" fileid="1" />
                <SequencePoint vc="2" uspid="53" ordinal="7" offset="258" sl="55" sc="9" el="55" ec="10" bec="0" bev="0" fileid="1" />
              </SequencePoints>
              <BranchPoints>
                <BranchPoint vc="2" uspid="56" ordinal="2" offset="169" sl="49" path="0" offsetend="171" fileid="1" />
                <BranchPoint vc="2" uspid="57" ordinal="3" offset="169" sl="49" path="1" offsetend="223" fileid="1" />
              </BranchPoints>
              <MethodPoint vc="4" uspid="58" ordinal="0" offset="0" />
            </Method>
            <Method visited="false" cyclomaticComplexity="1" nPathComplexity="0" sequenceCoverage="0" branchCoverage="0" isConstructor="false" isStatic="false" isGetter="false" isSetter="false">
              <Summary numSequencePoints="0" visitedSequencePoints="0" numBranchPoints="0" visitedBranchPoints="0" sequenceCoverage="0" branchCoverage="0" maxCyclomaticComplexity="1" minCyclomaticComplexity="1" visitedClasses="0" numClasses="0" visitedMethods="0" numMethods="0" />
              <MetadataToken>100663389</MetadataToken>
              <Name>System.Void MediaStorage.Service.DepartmentService/&lt;GetDepartmentById&gt;d__5::SetStateMachine(System.Runtime.CompilerServices.IAsyncStateMachine)</Name>
              <SequencePoints />
              <BranchPoints />
              <MethodPoint vc="0" uspid="59" ordinal="0" offset="0" />
            </Method>
          </Methods>
        </Class>
        <Class>
          <Summary numSequencePoints="4" visitedSequencePoints="4" numBranchPoints="1" visitedBranchPoints="1" sequenceCoverage="100" branchCoverage="100" maxCyclomaticComplexity="4" minCyclomaticComplexity="1" visitedClasses="1" numClasses="1" visitedMethods="1" numMethods="1" />
          <FullName>MediaStorage.Service.DepartmentService/&lt;HasDepartmentsByLibraryId&gt;d__6</FullName>
          <Methods>
            <Method visited="true" cyclomaticComplexity="1" nPathComplexity="0" sequenceCoverage="0" branchCoverage="0" isConstructor="true" isStatic="false" isGetter="false" isSetter="false">
              <Summary numSequencePoints="0" visitedSequencePoints="0" numBranchPoints="0" visitedBranchPoints="0" sequenceCoverage="0" branchCoverage="0" maxCyclomaticComplexity="1" minCyclomaticComplexity="1" visitedClasses="0" numClasses="0" visitedMethods="0" numMethods="0" />
              <MetadataToken>100663390</MetadataToken>
              <Name>System.Void MediaStorage.Service.DepartmentService/&lt;HasDepartmentsByLibraryId&gt;d__6::.ctor()</Name>
              <SequencePoints />
              <BranchPoints />
              <MethodPoint vc="2" uspid="60" ordinal="0" offset="0" />
            </Method>
            <Method visited="true" cyclomaticComplexity="4" nPathComplexity="0" sequenceCoverage="100" branchCoverage="100" isConstructor="false" isStatic="false" isGetter="false" isSetter="false">
              <Summary numSequencePoints="4" visitedSequencePoints="4" numBranchPoints="1" visitedBranchPoints="1" sequenceCoverage="100" branchCoverage="100" maxCyclomaticComplexity="4" minCyclomaticComplexity="4" visitedClasses="0" numClasses="0" visitedMethods="1" numMethods="1" />
              <MetadataToken>100663391</MetadataToken>
              <Name>System.Void MediaStorage.Service.DepartmentService/&lt;HasDepartmentsByLibraryId&gt;d__6::MoveNext()</Name>
              <FileRef uid="1" />
              <SequencePoints>
                <SequencePoint vc="2" uspid="61" ordinal="0" offset="14" sl="58" sc="9" el="58" ec="10" bec="0" bev="0" fileid="1" />
                <SequencePoint vc="2" uspid="62" ordinal="1" offset="15" sl="59" sc="13" el="59" ec="65" bec="0" bev="0" fileid="1" />
                <SequencePoint vc="1" uspid="63" ordinal="2" offset="146" sl="60" sc="13" el="60" ec="62" bec="0" bev="0" fileid="1" />
                <SequencePoint vc="1" uspid="64" ordinal="3" offset="221" sl="61" sc="9" el="61" ec="10" bec="0" bev="0" fileid="1" />
              </SequencePoints>
              <BranchPoints />
              <MethodPoint vc="2" uspid="69" ordinal="0" offset="0" />
            </Method>
            <Method visited="false" cyclomaticComplexity="1" nPathComplexity="0" sequenceCoverage="0" branchCoverage="0" isConstructor="false" isStatic="false" isGetter="false" isSetter="false">
              <Summary numSequencePoints="0" visitedSequencePoints="0" numBranchPoints="0" visitedBranchPoints="0" sequenceCoverage="0" branchCoverage="0" maxCyclomaticComplexity="1" minCyclomaticComplexity="1" visitedClasses="0" numClasses="0" visitedMethods="0" numMethods="0" />
              <MetadataToken>100663392</MetadataToken>
              <Name>System.Void MediaStorage.Service.DepartmentService/&lt;HasDepartmentsByLibraryId&gt;d__6::SetStateMachine(System.Runtime.CompilerServices.IAsyncStateMachine)</Name>
              <SequencePoints />
              <BranchPoints />
              <MethodPoint vc="0" uspid="70" ordinal="0" offset="0" />
            </Method>
          </Methods>
        </Class>
        <Class>
          <Summary numSequencePoints="12" visitedSequencePoints="12" numBranchPoints="3" visitedBranchPoints="3" sequenceCoverage="100" branchCoverage="100" maxCyclomaticComplexity="4" minCyclomaticComplexity="1" visitedClasses="1" numClasses="1" visitedMethods="1" numMethods="1" />
          <FullName>MediaStorage.Service.DepartmentService/&lt;AddDepartment&gt;d__7</FullName>
          <Methods>
            <Method visited="true" cyclomaticComplexity="1" nPathComplexity="0" sequenceCoverage="0" branchCoverage="0" isConstructor="true" isStatic="false" isGetter="false" isSetter="false">
              <Summary numSequencePoints="0" visitedSequencePoints="0" numBranchPoints="0" visitedBranchPoints="0" sequenceCoverage="0" branchCoverage="0" maxCyclomaticComplexity="1" minCyclomaticComplexity="1" visitedClasses="0" numClasses="0" visitedMethods="0" numMethods="0" />
              <MetadataToken>100663393</MetadataToken>
              <Name>System.Void MediaStorage.Service.DepartmentService/&lt;AddDepartment&gt;d__7::.ctor()</Name>
              <SequencePoints />
              <BranchPoints />
              <MethodPoint vc="2" uspid="71" ordinal="0" offset="0" />
            </Method>
            <Method visited="true" cyclomaticComplexity="4" nPathComplexity="2" sequenceCoverage="100" branchCoverage="100" isConstructor="false" isStatic="false" isGetter="false" isSetter="false">
              <Summary numSequencePoints="12" visitedSequencePoints="12" numBranchPoints="3" visitedBranchPoints="3" sequenceCoverage="100" branchCoverage="100" maxCyclomaticComplexity="4" minCyclomaticComplexity="4" visitedClasses="0" numClasses="0" visitedMethods="1" numMethods="1" />
              <MetadataToken>100663394</MetadataToken>
              <Name>System.Void MediaStorage.Service.DepartmentService/&lt;AddDepartment&gt;d__7::MoveNext()</Name>
              <FileRef uid="1" />
              <SequencePoints>
                <SequencePoint vc="2" uspid="72" ordinal="0" offset="14" sl="64" sc="9" el="64" ec="10" bec="0" bev="0" fileid="1" />
                <SequencePoint vc="2" uspid="73" ordinal="1" offset="15" sl="65" sc="13" el="65" ec="97" bec="0" bev="0" fileid="1" />
                <SequencePoint vc="2" uspid="74" ordinal="2" offset="149" sl="66" sc="13" el="66" ec="68" bec="0" bev="0" fileid="1" />
                <SequencePoint vc="2" uspid="75" ordinal="3" offset="173" sl="67" sc="13" el="67" ec="24" bec="2" bev="2" fileid="1" />
                <SequencePoint vc="1" uspid="76" ordinal="4" offset="188" sl="68" sc="13" el="68" ec="14" bec="0" bev="0" fileid="1" />
                <SequencePoint vc="1" uspid="77" ordinal="5" offset="189" sl="69" sc="17" el="69" ec="72" bec="0" bev="0" fileid="1" />
                <SequencePoint vc="1" uspid="78" ordinal="6" offset="206" sl="70" sc="13" el="70" ec="14" bec="0" bev="0" fileid="1" />
                <SequencePoint vc="1" uspid="79" ordinal="7" offset="209" sl="72" sc="13" el="72" ec="14" bec="0" bev="0" fileid="1" />
                <SequencePoint vc="1" uspid="80" ordinal="8" offset="210" sl="73" sc="17" el="73" ec="69" bec="0" bev="0" fileid="1" />
                <SequencePoint vc="1" uspid="81" ordinal="9" offset="227" sl="74" sc="13" el="74" ec="14" bec="0" bev="0" fileid="1" />
                <SequencePoint vc="2" uspid="82" ordinal="10" offset="228" sl="75" sc="13" el="75" ec="27" bec="0" bev="0" fileid="1" />
                <SequencePoint vc="2" uspid="83" ordinal="11" offset="263" sl="76" sc="9" el="76" ec="10" bec="0" bev="0" fileid="1" />
              </SequencePoints>
              <BranchPoints>
                <BranchPoint vc="1" uspid="86" ordinal="2" offset="186" sl="67" path="0" offsetend="188" fileid="1" />
                <BranchPoint vc="1" uspid="87" ordinal="3" offset="186" sl="67" path="1" offsetend="209" fileid="1" />
              </BranchPoints>
              <MethodPoint vc="2" uspid="88" ordinal="0" offset="0" />
            </Method>
            <Method visited="false" cyclomaticComplexity="1" nPathComplexity="0" sequenceCoverage="0" branchCoverage="0" isConstructor="false" isStatic="false" isGetter="false" isSetter="false">
              <Summary numSequencePoints="0" visitedSequencePoints="0" numBranchPoints="0" visitedBranchPoints="0" sequenceCoverage="0" branchCoverage="0" maxCyclomaticComplexity="1" minCyclomaticComplexity="1" visitedClasses="0" numClasses="0" visitedMethods="0" numMethods="0" />
              <MetadataToken>100663395</MetadataToken>
              <Name>System.Void MediaStorage.Service.DepartmentService/&lt;AddDepartment&gt;d__7::SetStateMachine(System.Runtime.CompilerServices.IAsyncStateMachine)</Name>
              <SequencePoints />
              <BranchPoints />
              <MethodPoint vc="0" uspid="89" ordinal="0" offset="0" />
            </Method>
          </Methods>
        </Class>
        <Class>
          <Summary numSequencePoints="12" visitedSequencePoints="12" numBranchPoints="3" visitedBranchPoints="3" sequenceCoverage="100" branchCoverage="100" maxCyclomaticComplexity="4" minCyclomaticComplexity="1" visitedClasses="1" numClasses="1" visitedMethods="1" numMethods="1" />
          <FullName>MediaStorage.Service.DepartmentService/&lt;UpdateDepartment&gt;d__8</FullName>
          <Methods>
            <Method visited="true" cyclomaticComplexity="1" nPathComplexity="0" sequenceCoverage="0" branchCoverage="0" isConstructor="true" isStatic="false" isGetter="false" isSetter="false">
              <Summary numSequencePoints="0" visitedSequencePoints="0" numBranchPoints="0" visitedBranchPoints="0" sequenceCoverage="0" branchCoverage="0" maxCyclomaticComplexity="1" minCyclomaticComplexity="1" visitedClasses="0" numClasses="0" visitedMethods="0" numMethods="0" />
              <MetadataToken>100663396</MetadataToken>
              <Name>System.Void MediaStorage.Service.DepartmentService/&lt;UpdateDepartment&gt;d__8::.ctor()</Name>
              <SequencePoints />
              <BranchPoints />
              <MethodPoint vc="2" uspid="90" ordinal="0" offset="0" />
            </Method>
            <Method visited="true" cyclomaticComplexity="4" nPathComplexity="2" sequenceCoverage="100" branchCoverage="100" isConstructor="false" isStatic="false" isGetter="false" isSetter="false">
              <Summary numSequencePoints="12" visitedSequencePoints="12" numBranchPoints="3" visitedBranchPoints="3" sequenceCoverage="100" branchCoverage="100" maxCyclomaticComplexity="4" minCyclomaticComplexity="4" visitedClasses="0" numClasses="0" visitedMethods="1" numMethods="1" />
              <MetadataToken>100663397</MetadataToken>
              <Name>System.Void MediaStorage.Service.DepartmentService/&lt;UpdateDepartment&gt;d__8::MoveNext()</Name>
              <FileRef uid="1" />
              <SequencePoints>
                <SequencePoint vc="2" uspid="91" ordinal="0" offset="14" sl="79" sc="9" el="79" ec="10" bec="0" bev="0" fileid="1" />
                <SequencePoint vc="2" uspid="92" ordinal="1" offset="15" sl="80" sc="13" el="80" ec="107" bec="0" bev="0" fileid="1" />
                <SequencePoint vc="2" uspid="93" ordinal="2" offset="149" sl="81" sc="13" el="81" ec="56" bec="0" bev="0" fileid="1" />
                <SequencePoint vc="2" uspid="94" ordinal="3" offset="160" sl="82" sc="13" el="82" ec="28" bec="2" bev="2" fileid="1" />
                <SequencePoint vc="1" uspid="95" ordinal="4" offset="175" sl="83" sc="13" el="83" ec="14" bec="0" bev="0" fileid="1" />
                <SequencePoint vc="1" uspid="96" ordinal="5" offset="176" sl="84" sc="17" el="84" ec="71" bec="0" bev="0" fileid="1" />
                <SequencePoint vc="1" uspid="97" ordinal="6" offset="193" sl="85" sc="13" el="85" ec="14" bec="0" bev="0" fileid="1" />
                <SequencePoint vc="1" uspid="98" ordinal="7" offset="196" sl="87" sc="13" el="87" ec="14" bec="0" bev="0" fileid="1" />
                <SequencePoint vc="1" uspid="99" ordinal="8" offset="197" sl="88" sc="17" el="88" ec="71" bec="0" bev="0" fileid="1" />
                <SequencePoint vc="1" uspid="100" ordinal="9" offset="214" sl="89" sc="13" el="89" ec="14" bec="0" bev="0" fileid="1" />
                <SequencePoint vc="2" uspid="101" ordinal="10" offset="215" sl="90" sc="13" el="90" ec="27" bec="0" bev="0" fileid="1" />
                <SequencePoint vc="2" uspid="102" ordinal="11" offset="250" sl="91" sc="9" el="91" ec="10" bec="0" bev="0" fileid="1" />
              </SequencePoints>
              <BranchPoints>
                <BranchPoint vc="1" uspid="105" ordinal="2" offset="173" sl="82" path="0" offsetend="175" fileid="1" />
                <BranchPoint vc="1" uspid="106" ordinal="3" offset="173" sl="82" path="1" offsetend="196" fileid="1" />
              </BranchPoints>
              <MethodPoint vc="2" uspid="107" ordinal="0" offset="0" />
            </Method>
            <Method visited="false" cyclomaticComplexity="1" nPathComplexity="0" sequenceCoverage="0" branchCoverage="0" isConstructor="false" isStatic="false" isGetter="false" isSetter="false">
              <Summary numSequencePoints="0" visitedSequencePoints="0" numBranchPoints="0" visitedBranchPoints="0" sequenceCoverage="0" branchCoverage="0" maxCyclomaticComplexity="1" minCyclomaticComplexity="1" visitedClasses="0" numClasses="0" visitedMethods="0" numMethods="0" />
              <MetadataToken>100663398</MetadataToken>
              <Name>System.Void MediaStorage.Service.DepartmentService/&lt;UpdateDepartment&gt;d__8::SetStateMachine(System.Runtime.CompilerServices.IAsyncStateMachine)</Name>
              <SequencePoints />
              <BranchPoints />
              <MethodPoint vc="0" uspid="108" ordinal="0" offset="0" />
            </Method>
          </Methods>
        </Class>
        <Class>
          <Summary numSequencePoints="12" visitedSequencePoints="12" numBranchPoints="3" visitedBranchPoints="3" sequenceCoverage="100" branchCoverage="100" maxCyclomaticComplexity="4" minCyclomaticComplexity="1" visitedClasses="1" numClasses="1" visitedMethods="1" numMethods="1" />
          <FullName>MediaStorage.Service.DepartmentService/&lt;RemoveDepartment&gt;d__9</FullName>
          <Methods>
            <Method visited="true" cyclomaticComplexity="1" nPathComplexity="0" sequenceCoverage="0" branchCoverage="0" isConstructor="true" isStatic="false" isGetter="false" isSetter="false">
              <Summary numSequencePoints="0" visitedSequencePoints="0" numBranchPoints="0" visitedBranchPoints="0" sequenceCoverage="0" branchCoverage="0" maxCyclomaticComplexity="1" minCyclomaticComplexity="1" visitedClasses="0" numClasses="0" visitedMethods="0" numMethods="0" />
              <MetadataToken>100663399</MetadataToken>
              <Name>System.Void MediaStorage.Service.DepartmentService/&lt;RemoveDepartment&gt;d__9::.ctor()</Name>
              <SequencePoints />
              <BranchPoints />
              <MethodPoint vc="2" uspid="109" ordinal="0" offset="0" />
            </Method>
            <Method visited="true" cyclomaticComplexity="4" nPathComplexity="2" sequenceCoverage="100" branchCoverage="100" isConstructor="false" isStatic="false" isGetter="false" isSetter="false">
              <Summary numSequencePoints="12" visitedSequencePoints="12" numBranchPoints="3" visitedBranchPoints="3" sequenceCoverage="100" branchCoverage="100" maxCyclomaticComplexity="4" minCyclomaticComplexity="4" visitedClasses="0" numClasses="0" visitedMethods="1" numMethods="1" />
              <MetadataToken>100663400</MetadataToken>
              <Name>System.Void MediaStorage.Service.DepartmentService/&lt;RemoveDepartment&gt;d__9::MoveNext()</Name>
              <FileRef uid="1" />
              <SequencePoints>
                <SequencePoint vc="2" uspid="110" ordinal="0" offset="14" sl="94" sc="9" el="94" ec="10" bec="0" bev="0" fileid="1" />
                <SequencePoint vc="2" uspid="111" ordinal="1" offset="15" sl="95" sc="13" el="95" ec="103" bec="0" bev="0" fileid="1" />
                <SequencePoint vc="2" uspid="112" ordinal="2" offset="149" sl="96" sc="13" el="96" ec="56" bec="0" bev="0" fileid="1" />
                <SequencePoint vc="2" uspid="113" ordinal="3" offset="160" sl="97" sc="13" el="97" ec="28" bec="2" bev="2" fileid="1" />
                <SequencePoint vc="1" uspid="114" ordinal="4" offset="175" sl="98" sc="13" el="98" ec="14" bec="0" bev="0" fileid="1" />
                <SequencePoint vc="1" uspid="115" ordinal="5" offset="176" sl="99" sc="17" el="99" ec="71" bec="0" bev="0" fileid="1" />
                <SequencePoint vc="1" uspid="116" ordinal="6" offset="193" sl="100" sc="13" el="100" ec="14" bec="0" bev="0" fileid="1" />
                <SequencePoint vc="1" uspid="117" ordinal="7" offset="196" sl="102" sc="13" el="102" ec="14" bec="0" bev="0" fileid="1" />
                <SequencePoint vc="1" uspid="118" ordinal="8" offset="197" sl="103" sc="17" el="103" ec="71" bec="0" bev="0" fileid="1" />
                <SequencePoint vc="1" uspid="119" ordinal="9" offset="214" sl="104" sc="13" el="104" ec="14" bec="0" bev="0" fileid="1" />
                <SequencePoint vc="2" uspid="120" ordinal="10" offset="215" sl="105" sc="13" el="105" ec="27" bec="0" bev="0" fileid="1" />
                <SequencePoint vc="2" uspid="121" ordinal="11" offset="250" sl="106" sc="9" el="106" ec="10" bec="0" bev="0" fileid="1" />
              </SequencePoints>
              <BranchPoints>
                <BranchPoint vc="1" uspid="124" ordinal="2" offset="173" sl="97" path="0" offsetend="175" fileid="1" />
                <BranchPoint vc="1" uspid="125" ordinal="3" offset="173" sl="97" path="1" offsetend="196" fileid="1" />
              </BranchPoints>
              <MethodPoint vc="2" uspid="126" ordinal="0" offset="0" />
            </Method>
            <Method visited="false" cyclomaticComplexity="1" nPathComplexity="0" sequenceCoverage="0" branchCoverage="0" isConstructor="false" isStatic="false" isGetter="false" isSetter="false">
              <Summary numSequencePoints="0" visitedSequencePoints="0" numBranchPoints="0" visitedBranchPoints="0" sequenceCoverage="0" branchCoverage="0" maxCyclomaticComplexity="1" minCyclomaticComplexity="1" visitedClasses="0" numClasses="0" visitedMethods="0" numMethods="0" />
              <MetadataToken>100663401</MetadataToken>
              <Name>System.Void MediaStorage.Service.DepartmentService/&lt;RemoveDepartment&gt;d__9::SetStateMachine(System.Runtime.CompilerServices.IAsyncStateMachine)</Name>
              <SequencePoints />
              <BranchPoints />
              <MethodPoint vc="0" uspid="127" ordinal="0" offset="0" />
            </Method>
          </Methods>
        </Class>
        <Class>
          <Summary numSequencePoints="6" visitedSequencePoints="6" numBranchPoints="1" visitedBranchPoints="1" sequenceCoverage="100" branchCoverage="100" maxCyclomaticComplexity="1" minCyclomaticComplexity="1" visitedClasses="1" numClasses="1" visitedMethods="1" numMethods="1" />
          <FullName>MediaStorage.Service.LibraryService</FullName>
          <Methods>
            <Method visited="true" cyclomaticComplexity="1" nPathComplexity="0" sequenceCoverage="100" branchCoverage="100" isConstructor="true" isStatic="false" isGetter="false" isSetter="false">
              <Summary numSequencePoints="6" visitedSequencePoints="6" numBranchPoints="1" visitedBranchPoints="1" sequenceCoverage="100" branchCoverage="100" maxCyclomaticComplexity="1" minCyclomaticComplexity="1" visitedClasses="0" numClasses="0" visitedMethods="1" numMethods="1" />
              <MetadataToken>100663340</MetadataToken>
              <Name>System.Void MediaStorage.Service.LibraryService::.ctor(MediaStorage.Data.Repository.ILibraryRepository,MediaStorage.Data.Repository.IDepartmentRepository,MediaStorage.Common.ILogger)</Name>
              <FileRef uid="9" />
              <SequencePoints>
                <SequencePoint vc="15" uspid="128" ordinal="0" offset="0" sl="19" sc="9" el="19" ec="128" bec="0" bev="0" fileid="9" />
                <SequencePoint vc="15" uspid="129" ordinal="1" offset="7" sl="20" sc="9" el="20" ec="10" bec="0" bev="0" fileid="9" />
                <SequencePoint vc="15" uspid="130" ordinal="2" offset="8" sl="21" sc="13" el="21" ec="56" bec="0" bev="0" fileid="9" />
                <SequencePoint vc="15" uspid="131" ordinal="3" offset="15" sl="22" sc="13" el="22" ec="62" bec="0" bev="0" fileid="9" />
                <SequencePoint vc="15" uspid="132" ordinal="4" offset="22" sl="23" sc="13" el="23" ec="34" bec="0" bev="0" fileid="9" />
                <SequencePoint vc="15" uspid="133" ordinal="5" offset="29" sl="24" sc="9" el="24" ec="10" bec="0" bev="0" fileid="9" />
              </SequencePoints>
              <BranchPoints />
              <MethodPoint xsi:type="SequencePoint" vc="15" uspid="128" ordinal="0" offset="0" sl="19" sc="9" el="19" ec="128" bec="0" bev="0" fileid="9" />
            </Method>
            <Method visited="true" cyclomaticComplexity="1" nPathComplexity="0" sequenceCoverage="0" branchCoverage="0" isConstructor="false" isStatic="false" isGetter="false" isSetter="false">
              <Summary numSequencePoints="0" visitedSequencePoints="0" numBranchPoints="0" visitedBranchPoints="0" sequenceCoverage="0" branchCoverage="0" maxCyclomaticComplexity="1" minCyclomaticComplexity="1" visitedClasses="0" numClasses="0" visitedMethods="0" numMethods="0" />
              <MetadataToken>100663341</MetadataToken>
              <Name>System.Threading.Tasks.Task`1&lt;System.Collections.Generic.List`1&lt;MediaStorage.Common.ViewModels.Library.LibraryViewModel&gt;&gt; MediaStorage.Service.LibraryService::GetAllLibraries()</Name>
              <SequencePoints />
              <BranchPoints />
              <MethodPoint vc="2" uspid="134" ordinal="0" offset="0" />
            </Method>
            <Method visited="true" cyclomaticComplexity="1" nPathComplexity="0" sequenceCoverage="0" branchCoverage="0" isConstructor="false" isStatic="false" isGetter="false" isSetter="false">
              <Summary numSequencePoints="0" visitedSequencePoints="0" numBranchPoints="0" visitedBranchPoints="0" sequenceCoverage="0" branchCoverage="0" maxCyclomaticComplexity="1" minCyclomaticComplexity="1" visitedClasses="0" numClasses="0" visitedMethods="0" numMethods="0" />
              <MetadataToken>100663342</MetadataToken>
              <Name>System.Threading.Tasks.Task`1&lt;System.Collections.Generic.List`1&lt;MediaStorage.Common.CustomSelectListItem&gt;&gt; MediaStorage.Service.LibraryService::GetLibrariesAsSelectListItem(System.Nullable`1&lt;System.Int32&gt;)</Name>
              <SequencePoints />
              <BranchPoints />
              <MethodPoint vc="2" uspid="135" ordinal="0" offset="0" />
            </Method>
            <Method visited="true" cyclomaticComplexity="1" nPathComplexity="0" sequenceCoverage="0" branchCoverage="0" isConstructor="false" isStatic="false" isGetter="false" isSetter="false">
              <Summary numSequencePoints="0" visitedSequencePoints="0" numBranchPoints="0" visitedBranchPoints="0" sequenceCoverage="0" branchCoverage="0" maxCyclomaticComplexity="1" minCyclomaticComplexity="1" visitedClasses="0" numClasses="0" visitedMethods="0" numMethods="0" />
              <MetadataToken>100663343</MetadataToken>
              <Name>System.Threading.Tasks.Task`1&lt;MediaStorage.Common.ViewModels.Library.LibraryViewModel&gt; MediaStorage.Service.LibraryService::GetLibraryById(System.Int32)</Name>
              <SequencePoints />
              <BranchPoints />
              <MethodPoint vc="2" uspid="136" ordinal="0" offset="0" />
            </Method>
            <Method visited="true" cyclomaticComplexity="1" nPathComplexity="0" sequenceCoverage="0" branchCoverage="0" isConstructor="false" isStatic="false" isGetter="false" isSetter="false">
              <Summary numSequencePoints="0" visitedSequencePoints="0" numBranchPoints="0" visitedBranchPoints="0" sequenceCoverage="0" branchCoverage="0" maxCyclomaticComplexity="1" minCyclomaticComplexity="1" visitedClasses="0" numClasses="0" visitedMethods="0" numMethods="0" />
              <MetadataToken>100663344</MetadataToken>
              <Name>System.Threading.Tasks.Task`1&lt;MediaStorage.Common.ServiceResult&gt; MediaStorage.Service.LibraryService::AddLibrary(MediaStorage.Common.ViewModels.Library.LibraryViewModel)</Name>
              <SequencePoints />
              <BranchPoints />
              <MethodPoint vc="2" uspid="137" ordinal="0" offset="0" />
            </Method>
            <Method visited="true" cyclomaticComplexity="1" nPathComplexity="0" sequenceCoverage="0" branchCoverage="0" isConstructor="false" isStatic="false" isGetter="false" isSetter="false">
              <Summary numSequencePoints="0" visitedSequencePoints="0" numBranchPoints="0" visitedBranchPoints="0" sequenceCoverage="0" branchCoverage="0" maxCyclomaticComplexity="1" minCyclomaticComplexity="1" visitedClasses="0" numClasses="0" visitedMethods="0" numMethods="0" />
[...]
              <MetadataToken>100663375</MetadataToken>
              <Name>System.Collections.Generic.List`1&lt;MediaStorage.Common.ViewModels.Menu.MenuViewModel&gt; MediaStorage.Service.MenuService::GetAllMenus()</Name>
              <FileRef uid="33" />
              <SequencePoints>
                <SequencePoint vc="3" uspid="578" ordinal="0" offset="0" sl="27" sc="9" el="27" ec="10" bec="0" bev="0" fileid="33" />
                <SequencePoint vc="3" uspid="579" ordinal="1" offset="1" sl="28" sc="13" el="28" ec="45" bec="0" bev="0" fileid="33" />
                <SequencePoint vc="3" uspid="580" ordinal="2" offset="3" sl="29" sc="13" el="29" ec="92" bec="0" bev="0" fileid="33" />
                <SequencePoint vc="3" uspid="581" ordinal="3" offset="20" sl="31" sc="13" el="31" ec="70" bec="2" bev="2" fileid="33" />
                <SequencePoint vc="2" uspid="582" ordinal="4" offset="35" sl="32" sc="13" el="32" ec="14" bec="0" bev="0" fileid="33" />
                <SequencePoint vc="2" uspid="583" ordinal="5" offset="36" sl="34" sc="17" el="41" ec="32" bec="0" bev="0" fileid="33" />
                <SequencePoint vc="2" uspid="584" ordinal="6" offset="277" sl="42" sc="13" el="42" ec="14" bec="0" bev="0" fileid="33" />
                <SequencePoint vc="3" uspid="585" ordinal="7" offset="278" sl="43" sc="13" el="43" ec="25" bec="0" bev="0" fileid="33" />
                <SequencePoint vc="3" uspid="586" ordinal="8" offset="283" sl="44" sc="9" el="44" ec="10" bec="0" bev="0" fileid="33" />
              </SequencePoints>
              <BranchPoints>
                <BranchPoint vc="2" uspid="587" ordinal="0" offset="30" sl="31" path="0" offsetend="35" fileid="33" />
                <BranchPoint vc="1" uspid="588" ordinal="1" offset="30" sl="31" path="1" offsetend="278" fileid="33" />
              </BranchPoints>
              <MethodPoint xsi:type="SequencePoint" vc="3" uspid="578" ordinal="0" offset="0" sl="27" sc="9" el="27" ec="10" bec="0" bev="0" fileid="33" />
            </Method>
            <Method visited="true" cyclomaticComplexity="1" nPathComplexity="0" sequenceCoverage="100" branchCoverage="100" isConstructor="false" isStatic="false" isGetter="false" isSetter="false">
              <Summary numSequencePoints="3" visitedSequencePoints="3" numBranchPoints="1" visitedBranchPoints="1" sequenceCoverage="100" branchCoverage="100" maxCyclomaticComplexity="1" minCyclomaticComplexity="1" visitedClasses="0" numClasses="0" visitedMethods="1" numMethods="1" />
              <MetadataToken>100663376</MetadataToken>
              <Name>System.Collections.Generic.List`1&lt;MediaStorage.Common.CustomSelectListItem&gt; MediaStorage.Service.MenuService::GetAllMenusBySelectListItem(System.Nullable`1&lt;System.Int32&gt;)</Name>
              <FileRef uid="33" />
              <SequencePoints>
                <SequencePoint vc="2" uspid="589" ordinal="0" offset="13" sl="47" sc="9" el="47" ec="10" bec="0" bev="0" fileid="33" />
                <SequencePoint vc="2" uspid="590" ordinal="1" offset="14" sl="48" sc="13" el="55" ec="29" bec="0" bev="0" fileid="33" />
                <SequencePoint vc="2" uspid="591" ordinal="2" offset="500" sl="56" sc="9" el="56" ec="10" bec="0" bev="0" fileid="33" />
              </SequencePoints>
              <BranchPoints />
              <MethodPoint vc="2" uspid="592" ordinal="0" offset="0" />
            </Method>
            <Method visited="true" cyclomaticComplexity="2" nPathComplexity="0" sequenceCoverage="100" branchCoverage="100" isConstructor="false" isStatic="false" isGetter="false" isSetter="false">
              <Summary numSequencePoints="4" visitedSequencePoints="4" numBranchPoints="1" visitedBranchPoints="1" sequenceCoverage="100" branchCoverage="100" maxCyclomaticComplexity="2" minCyclomaticComplexity="2" visitedClasses="0" numClasses="0" visitedMethods="1" numMethods="1" />
              <MetadataToken>100663377</MetadataToken>
              <Name>MediaStorage.Common.ViewModels.Menu.MenuViewModel MediaStorage.Service.MenuService::GetMenuById(System.Int32)</Name>
              <FileRef uid="33" />
              <SequencePoints>
                <SequencePoint vc="2" uspid="593" ordinal="0" offset="0" sl="59" sc="9" el="59" ec="10" bec="0" bev="0" fileid="33" />
                <SequencePoint vc="2" uspid="594" ordinal="1" offset="1" sl="60" sc="13" el="60" ec="48" bec="0" bev="0" fileid="33" />
                <SequencePoint vc="2" uspid="595" ordinal="2" offset="19" sl="61" sc="13" el="66" ec="15" bec="0" bev="0" fileid="33" />
                <SequencePoint vc="2" uspid="596" ordinal="3" offset="77" sl="67" sc="9" el="67" ec="10" bec="0" bev="0" fileid="33" />
              </SequencePoints>
              <BranchPoints />
              <MethodPoint xsi:type="SequencePoint" vc="2" uspid="593" ordinal="0" offset="0" sl="59" sc="9" el="59" ec="10" bec="0" bev="0" fileid="33" />
            </Method>
            <Method visited="true" cyclomaticComplexity="1" nPathComplexity="0" sequenceCoverage="100" branchCoverage="100" isConstructor="false" isStatic="false" isGetter="false" isSetter="false">
              <Summary numSequencePoints="4" visitedSequencePoints="4" numBranchPoints="1" visitedBranchPoints="1" sequenceCoverage="100" branchCoverage="100" maxCyclomaticComplexity="1" minCyclomaticComplexity="1" visitedClasses="0" numClasses="0" visitedMethods="1" numMethods="1" />
              <MetadataToken>100663378</MetadataToken>
              <Name>MediaStorage.Common.ServiceResult MediaStorage.Service.MenuService::AddMenu(MediaStorage.Common.ViewModels.Menu.MenuViewModel)</Name>
              <FileRef uid="33" />
              <SequencePoints>
                <SequencePoint vc="2" uspid="599" ordinal="0" offset="0" sl="70" sc="9" el="70" ec="10" bec="0" bev="0" fileid="33" />
                <SequencePoint vc="2" uspid="600" ordinal="1" offset="1" sl="71" sc="13" el="75" ec="16" bec="0" bev="0" fileid="33" />
                <SequencePoint vc="2" uspid="601" ordinal="2" offset="44" sl="77" sc="13" el="77" ec="66" bec="0" bev="0" fileid="33" />
                <SequencePoint vc="2" uspid="602" ordinal="3" offset="66" sl="78" sc="9" el="78" ec="10" bec="0" bev="0" fileid="33" />
              </SequencePoints>
              <BranchPoints />
              <MethodPoint xsi:type="SequencePoint" vc="2" uspid="599" ordinal="0" offset="0" sl="70" sc="9" el="70" ec="10" bec="0" bev="0" fileid="33" />
            </Method>
            <Method visited="true" cyclomaticComplexity="1" nPathComplexity="0" sequenceCoverage="100" branchCoverage="100" isConstructor="false" isStatic="false" isGetter="false" isSetter="false">
              <Summary numSequencePoints="4" visitedSequencePoints="4" numBranchPoints="1" visitedBranchPoints="1" sequenceCoverage="100" branchCoverage="100" maxCyclomaticComplexity="1" minCyclomaticComplexity="1" visitedClasses="0" numClasses="0" visitedMethods="1" numMethods="1" />
              <MetadataToken>100663379</MetadataToken>
              <Name>MediaStorage.Common.ServiceResult MediaStorage.Service.MenuService::UpdateMenu(MediaStorage.Common.ViewModels.Menu.MenuViewModel)</Name>
              <FileRef uid="33" />
              <SequencePoints>
                <SequencePoint vc="2" uspid="603" ordinal="0" offset="0" sl="81" sc="9" el="81" ec="10" bec="0" bev="0" fileid="33" />
                <SequencePoint vc="2" uspid="604" ordinal="1" offset="1" sl="82" sc="13" el="87" ec="16" bec="0" bev="0" fileid="33" />
                <SequencePoint vc="2" uspid="605" ordinal="2" offset="65" sl="89" sc="13" el="89" ec="69" bec="0" bev="0" fileid="33" />
                <SequencePoint vc="2" uspid="606" ordinal="3" offset="87" sl="90" sc="9" el="90" ec="10" bec="0" bev="0" fileid="33" />
              </SequencePoints>
              <BranchPoints />
              <MethodPoint xsi:type="SequencePoint" vc="2" uspid="603" ordinal="0" offset="0" sl="81" sc="9" el="81" ec="10" bec="0" bev="0" fileid="33" />
            </Method>
            <Method visited="true" cyclomaticComplexity="3" nPathComplexity="4" sequenceCoverage="100" branchCoverage="100" isConstructor="false" isStatic="false" isGetter="false" isSetter="false">
              <Summary numSequencePoints="10" visitedSequencePoints="10" numBranchPoints="5" visitedBranchPoints="5" sequenceCoverage="100" branchCoverage="100" maxCyclomaticComplexity="3" minCyclomaticComplexity="3" visitedClasses="0" numClasses="0" visitedMethods="1" numMethods="1" />
              <MetadataToken>100663380</MetadataToken>
              <Name>MediaStorage.Common.ServiceResult MediaStorage.Service.MenuService::RemoveMenu(System.Int32,System.Boolean)</Name>
              <FileRef uid="33" />
              <SequencePoints>
                <SequencePoint vc="3" uspid="607" ordinal="0" offset="13" sl="93" sc="9" el="93" ec="10" bec="0" bev="0" fileid="33" />
                <SequencePoint vc="3" uspid="608" ordinal="1" offset="14" sl="94" sc="13" el="94" ec="31" bec="2" bev="2" fileid="33" />
                <SequencePoint vc="2" uspid="609" ordinal="2" offset="22" sl="95" sc="13" el="95" ec="14" bec="0" bev="0" fileid="33" />
                <SequencePoint vc="2" uspid="610" ordinal="3" offset="23" sl="96" sc="17" el="96" ec="107" bec="0" bev="0" fileid="33" />
                <SequencePoint vc="2" uspid="611" ordinal="4" offset="199" sl="97" sc="17" el="97" ec="41" bec="2" bev="2" fileid="33" />
                <SequencePoint vc="1" uspid="612" ordinal="5" offset="214" sl="98" sc="21" el="98" ec="63" bec="0" bev="0" fileid="33" />
                <SequencePoint vc="2" uspid="613" ordinal="6" offset="227" sl="99" sc="13" el="99" ec="14" bec="0" bev="0" fileid="33" />
                <SequencePoint vc="3" uspid="614" ordinal="7" offset="228" sl="100" sc="13" el="100" ec="39" bec="0" bev="0" fileid="33" />
                <SequencePoint vc="3" uspid="615" ordinal="8" offset="251" sl="101" sc="13" el="101" ec="68" bec="0" bev="0" fileid="33" />
                <SequencePoint vc="3" uspid="616" ordinal="9" offset="274" sl="102" sc="9" el="102" ec="10" bec="0" bev="0" fileid="33" />
              </SequencePoints>
              <BranchPoints>
                <BranchPoint vc="2" uspid="617" ordinal="0" offset="17" sl="94" path="0" offsetend="22" fileid="33" />
                <BranchPoint vc="1" uspid="618" ordinal="1" offset="17" sl="94" path="1" offsetend="228" fileid="33" />
                <BranchPoint vc="1" uspid="619" ordinal="2" offset="212" sl="97" path="0" offsetend="214" fileid="33" />
                <BranchPoint vc="1" uspid="620" ordinal="3" offset="212" sl="97" path="1" offsetend="227" fileid="33" />
              </BranchPoints>
              <MethodPoint vc="3" uspid="621" ordinal="0" offset="0" />
            </Method>
          </Methods>
        </Class>
        <Class>
          <Summary numSequencePoints="0" visitedSequencePoints="0" numBranchPoints="0" visitedBranchPoints="0" sequenceCoverage="0" branchCoverage="0" maxCyclomaticComplexity="1" minCyclomaticComplexity="1" visitedClasses="0" numClasses="0" visitedMethods="0" numMethods="0" />
          <FullName>MediaStorage.Service.MenuService/&lt;&gt;c</FullName>
          <Methods>
            <Method visited="false" cyclomaticComplexity="1" nPathComplexity="0" sequenceCoverage="0" branchCoverage="0" isConstructor="true" isStatic="true" isGetter="false" isSetter="false">
              <Summary numSequencePoints="0" visitedSequencePoints="0" numBranchPoints="0" visitedBranchPoints="0" sequenceCoverage="0" branchCoverage="0" maxCyclomaticComplexity="1" minCyclomaticComplexity="1" visitedClasses="0" numClasses="0" visitedMethods="0" numMethods="0" />
              <MetadataToken>100663464</MetadataToken>
              <Name>System.Void MediaStorage.Service.MenuService/&lt;&gt;c::.cctor()</Name>
              <SequencePoints />
              <BranchPoints />
              <MethodPoint vc="0" uspid="622" ordinal="0" offset="0" />
            </Method>
            <Method visited="false" cyclomaticComplexity="1" nPathComplexity="0" sequenceCoverage="0" branchCoverage="0" isConstructor="true" isStatic="false" isGetter="false" isSetter="false">
              <Summary numSequencePoints="0" visitedSequencePoints="0" numBranchPoints="0" visitedBranchPoints="0" sequenceCoverage="0" branchCoverage="0" maxCyclomaticComplexity="1" minCyclomaticComplexity="1" visitedClasses="0" numClasses="0" visitedMethods="0" numMethods="0" />
              <MetadataToken>100663465</MetadataToken>
              <Name>System.Void MediaStorage.Service.MenuService/&lt;&gt;c::.ctor()</Name>
              <SequencePoints />
              <BranchPoints />
              <MethodPoint vc="0" uspid="623" ordinal="0" offset="0" />
            </Method>
          </Methods>
        </Class>
        <Class>
          <Summary numSequencePoints="0" visitedSequencePoints="0" numBranchPoints="0" visitedBranchPoints="0" sequenceCoverage="0" branchCoverage="0" maxCyclomaticComplexity="1" minCyclomaticComplexity="1" visitedClasses="0" numClasses="0" visitedMethods="0" numMethods="0" />
          <FullName>MediaStorage.Service.MenuService/&lt;&gt;c__DisplayClass6_0</FullName>
          <Methods>
            <Method visited="true" cyclomaticComplexity="1" nPathComplexity="0" sequenceCoverage="0" branchCoverage="0" isConstructor="true" isStatic="false" isGetter="false" isSetter="false">
              <Summary numSequencePoints="0" visitedSequencePoints="0" numBranchPoints="0" visitedBranchPoints="0" sequenceCoverage="0" branchCoverage="0" maxCyclomaticComplexity="1" minCyclomaticComplexity="1" visitedClasses="0" numClasses="0" visitedMethods="0" numMethods="0" />
              <MetadataToken>100663466</MetadataToken>
              <Name>System.Void MediaStorage.Service.MenuService/&lt;&gt;c__DisplayClass6_0::.ctor()</Name>
              <SequencePoints />
              <BranchPoints />
              <MethodPoint vc="2" uspid="624" ordinal="0" offset="0" />
            </Method>
          </Methods>
        </Class>
        <Class>
          <Summary numSequencePoints="0" visitedSequencePoints="0" numBranchPoints="0" visitedBranchPoints="0" sequenceCoverage="0" branchCoverage="0" maxCyclomaticComplexity="1" minCyclomaticComplexity="1" visitedClasses="0" numClasses="0" visitedMethods="0" numMethods="0" />
          <FullName>MediaStorage.Service.MenuService/&lt;&gt;c__DisplayClass10_0</FullName>
          <Methods>
            <Method visited="true" cyclomaticComplexity="1" nPathComplexity="0" sequenceCoverage="0" branchCoverage="0" isConstructor="true" isStatic="false" isGetter="false" isSetter="false">
              <Summary numSequencePoints="0" visitedSequencePoints="0" numBranchPoints="0" visitedBranchPoints="0" sequenceCoverage="0" branchCoverage="0" maxCyclomaticComplexity="1" minCyclomaticComplexity="1" visitedClasses="0" numClasses="0" visitedMethods="0" numMethods="0" />
              <MetadataToken>100663467</MetadataToken>
              <Name>System.Void MediaStorage.Service.MenuService/&lt;&gt;c__DisplayClass10_0::.ctor()</Name>
              <SequencePoints />
              <BranchPoints />
              <MethodPoint vc="3" uspid="625" ordinal="0" offset="0" />
            </Method>
          </Methods>
        </Class>
      </Classes>
    </Module>
    <Module skippedDueTo="Filter" hash="04-12-72-AA-F0-4C-B9-AA-09-E5-3E-3E-70-58-E0-F8-DB-32-C9-74">
      <ModulePath>D:\NAGP\UnitTest\MediaStorage-Dotnet\MediaStorage.Service.Test\bin\Debug\MediaStorage.Common.dll</ModulePath>
      <ModuleTime>2019-07-17T11:17:31.367768Z</ModuleTime>
      <ModuleName>MediaStorage.Common</ModuleName>
      <Classes />
    </Module>
    <Module skippedDueTo="Filter" hash="F4-54-C7-59-FD-61-E7-47-4E-0A-64-35-96-3E-28-5D-B6-8C-21-86">
      <ModulePath>C:\Windows\Microsoft.Net\assembly\GAC_MSIL\System.Threading.Tasks\v4.0_4.0.0.0__b03f5f7f11d50a3a\System.Threading.Tasks.dll</ModulePath>
      <ModuleTime>2018-04-11T23:35:16.8102601Z</ModuleTime>
      <ModuleName>System.Threading.Tasks</ModuleName>
      <Classes />
    </Module>
    <Module skippedDueTo="Filter" hash="A8-50-D9-1C-8B-DC-20-58-85-7A-3E-54-32-47-8A-0C-09-98-E9-26">
      <ModulePath>D:\NAGP\UnitTest\MediaStorage-Dotnet\MediaStorage.Service.Test\bin\Debug\Microsoft.VisualStudio.TestPlatform.TestFramework.Extensions.dll</ModulePath>
      <ModuleTime>2018-06-05T07:23:44Z</ModuleTime>
      <ModuleName>Microsoft.VisualStudio.TestPlatform.TestFramework.Extensions</ModuleName>
      <Classes />
    </Module>
    <Module skippedDueTo="Filter" hash="EE-67-0C-3B-AD-06-38-90-80-16-1E-4C-C1-C3-C7-D0-29-61-F0-0C">
      <ModulePath>C:\Windows\Microsoft.Net\assembly\GAC_MSIL\System.Collections.Concurrent\v4.0_4.0.0.0__b03f5f7f11d50a3a\System.Collections.Concurrent.dll</ModulePath>
      <ModuleTime>2018-04-11T23:35:18.3728771Z</ModuleTime>
      <ModuleName>System.Collections.Concurrent</ModuleName>
      <Classes />
    </Module>
    <Module skippedDueTo="Filter" hash="31-CA-D1-5E-1D-6F-B4-D7-BA-74-ED-EB-62-36-9B-45-BE-B7-9C-4B">
      <ModulePath>D:\NAGP\UnitTest\MediaStorage-Dotnet\MediaStorage.Service.Test\bin\Debug\MediaStorage.Data.dll</ModulePath>
      <ModuleTime>2019-07-17T11:17:34.4677689Z</ModuleTime>
      <ModuleName>MediaStorage.Data</ModuleName>
      <Classes />
    </Module>
    <Module skippedDueTo="Filter" hash="F8-A3-CF-FD-8A-6F-DE-0E-DD-E5-85-77-FD-6C-64-59-C4-0C-69-0D">
      <ModulePath>D:\NAGP\UnitTest\MediaStorage-Dotnet\MediaStorage.Service.Test\bin\Debug\NSubstitute.dll</ModulePath>
      <ModuleTime>2019-07-15T17:29:42Z</ModuleTime>
      <ModuleName>NSubstitute</ModuleName>
      <Classes />
    </Module>
    <Module skippedDueTo="Filter" hash="DC-CC-6B-85-DE-D3-FF-D6-B1-BF-5C-63-F6-46-A9-1A-1D-EF-79-5B">
      <ModulePath>D:\NAGP\UnitTest\MediaStorage-Dotnet\MediaStorage.Service.Test\bin\Debug\Castle.Core.dll</ModulePath>
      <ModuleTime>2019-04-04T20:20:26Z</ModuleTime>
      <ModuleName>Castle.Core</ModuleName>
      <Classes />
    </Module>
    <Module skippedDueTo="Filter" hash="B1-EB-8F-2C-77-3E-15-6F-63-4C-B2-BD-26-D9-4C-3F-3F-39-F8-09">
      <ModulePath>D:\NAGP\UnitTest\MediaStorage-Dotnet\MediaStorage.Service.Test\bin\Debug\MediaStorage.DataV1.dll</ModulePath>
      <ModuleTime>2019-07-04T07:07:42Z</ModuleTime>
      <ModuleName>MediaStorage.DataV1</ModuleName>
      <Classes />
    </Module>
    <Module skippedDueTo="Filter" hash="EE-37-0D-BA-3B-8B-D3-D9-BC-6B-97-C2-BC-0B-C4-A5-5A-5A-7D-F2">
      <ModulePath>C:\Program Files (x86)\Microsoft Visual Studio\2017\Professional\Common7\IDE\Extensions\TestPlatform\Microsoft.VisualStudio.QualityTools.ExecutionCommon.dll</ModulePath>
      <ModuleTime>2019-01-16T11:34:28.8475423Z</ModuleTime>
      <ModuleName>Microsoft.VisualStudio.QualityTools.ExecutionCommon</ModuleName>
      <Classes />
    </Module>
    <Module skippedDueTo="Filter" hash="5E-D0-22-4D-EF-29-95-35-2A-71-24-9C-0C-27-0F-E3-AF-08-76-75">
      <ModulePath>C:\Program Files (x86)\Microsoft Visual Studio\2017\Professional\Common7\IDE\Extensions\TestPlatform\Microsoft.VisualStudio.QualityTools.Resource.dll</ModulePath>
      <ModuleTime>2019-01-16T11:34:28.8475423Z</ModuleTime>
      <ModuleName>Microsoft.VisualStudio.QualityTools.Resource</ModuleName>
      <Classes />
    </Module>
    <Module skippedDueTo="Filter" hash="82-E7-47-BC-C1-FB-15-DF-2B-63-B8-6B-71-9F-B7-99-9C-EF-12-6D">
      <ModulePath>C:\Program Files (x86)\Microsoft Visual Studio\2017\Professional\Common7\IDE\Extensions\TestPlatform\Microsoft.VisualStudio.QualityTools.WebTestFramework.dll</ModulePath>
      <ModuleTime>2019-01-16T11:34:28.8475423Z</ModuleTime>
      <ModuleName>Microsoft.VisualStudio.QualityTools.WebTestFramework</ModuleName>
      <Classes />
    </Module>
  </Modules>
</CoverageSession>